[14:51:42] CDK Toolkit CLI version: 2.1034.0 (build 82fb0f3)
[14:51:42] Command line arguments: {
  _: [ 'deploy' ],
  'require-approval': 'never',
  requireApproval: 'never',
  verbose: 1,
  v: 1,
  app: undefined,
  a: undefined,
  build: undefined,
  trace: undefined,
  strict: undefined,
  lookups: true,
  'ignore-errors': false,
  ignoreErrors: false,
  json: false,
  j: false,
  debug: false,
  profile: undefined,
  proxy: undefined,
  'ca-bundle-path': undefined,
  caBundlePath: undefined,
  ec2creds: undefined,
  i: undefined,
  'version-reporting': undefined,
  telemetry: undefined,
  versionReporting: undefined,
  'path-metadata': undefined,
  pathMetadata: undefined,
  'asset-metadata': undefined,
  assetMetadata: undefined,
  'role-arn': undefined,
  r: undefined,
  roleArn: undefined,
  staging: true,
  output: undefined,
  o: undefined,
  notices: undefined,
  'no-color': false,
  noColor: false,
  ci: false,
  unstable: [],
  'telemetry-file': undefined,
  telemetryFile: undefined,
  yes: false,
  y: false,
  all: false,
  'build-exclude': [],
  E: [],
  buildExclude: [],
  exclusively: undefined,
  e: undefined,
  execute: undefined,
  'change-set-name': undefined,
  changeSetName: undefined,
  method: undefined,
  m: undefined,
  'import-existing-resources': false,
  importExistingResources: false,
  force: false,
  f: false,
  parameters: [ {} ],
  'outputs-file': undefined,
  O: undefined,
  outputsFile: undefined,
  'previous-parameters': true,
  previousParameters: true,
  'toolkit-stack-name': undefined,
  toolkitStackName: undefined,
  progress: undefined,
  rollback: undefined,
  hotswap: undefined,
  'hotswap-fallback': undefined,
  hotswapFallback: undefined,
  'hotswap-ecs-minimum-healthy-percent': undefined,
  hotswapEcsMinimumHealthyPercent: undefined,
  'hotswap-ecs-maximum-healthy-percent': undefined,
  hotswapEcsMaximumHealthyPercent: undefined,
  'hotswap-ecs-stabilization-timeout-seconds': undefined,
  hotswapEcsStabilizationTimeoutSeconds: undefined,
  watch: undefined,
  logs: true,
  concurrency: 1,
  'asset-parallelism': undefined,
  assetParallelism: undefined,
  'asset-prebuild': true,
  assetPrebuild: true,
  'ignore-no-stacks': false,
  ignoreNoStacks: false,
  '$0': '/opt/homebrew/bin/cdk',
  STACKS: [ 'CapaInferenceStack' ],
  stacks: [ 'CapaInferenceStack' ],
  language: undefined
}
[14:51:42] cdk.json: {
  "app": "python3 cdk/app.py",
  "watch": {
    "include": [
      "**"
    ],
    "exclude": [
      "README.md",
      "cdk*.json",
      "requirements*.txt",
      "source.bat",
      "**/__init__.py",
      "**/__pycache__",
      "tests"
    ]
  },
  "context": {
    "@aws-cdk/aws-lambda:recognizeLayerVersion": true,
    "@aws-cdk/core:checkSecretUsage": true,
    "@aws-cdk/core:target-partitions": [
      "aws",
      "aws-cn"
    ],
    "@aws-cdk-containers/ecs-service-extensions:enableDefaultLogDriver": true,
    "@aws-cdk/aws-ec2:uniqueImdsv2TemplateName": true,
    "@aws-cdk/aws-ecs:arnFormatIncludesClusterName": true,
    "@aws-cdk/aws-iam:minimizePolicies": true,
    "@aws-cdk/core:validateSnapshotRemovalPolicy": true,
    "@aws-cdk/aws-codepipeline:crossAccountKeyAliasStackSafeResourceName": true,
    "@aws-cdk/aws-s3:createDefaultLoggingPolicy": true,
    "@aws-cdk/aws-sns-subscriptions:restrictSqsDescryption": true,
    "@aws-cdk/aws-apigateway:disableCloudWatchRole": true,
    "@aws-cdk/core:enablePartitionLiterals": true,
    "@aws-cdk/aws-events:eventsTargetQueueSameAccount": true,
    "@aws-cdk/aws-iam:standardizedServicePrincipals": true,
    "@aws-cdk/aws-ecs:disableExplicitDeploymentControllerForCircuitBreaker": true,
    "@aws-cdk/aws-iam:importedRoleStackSafeDefaultPolicyName": true,
    "@aws-cdk/aws-s3:serverAccessLogsUseBucketPolicy": true,
    "@aws-cdk/aws-route53-patters:useCertificate": true,
    "@aws-cdk/customresources:installLatestAwsSdkDefault": false,
    "@aws-cdk/aws-rds:databaseProxyUniqueResourceName": true,
    "@aws-cdk/aws-codedeploy:removeAlarmsFromDeploymentGroup": true,
    "@aws-cdk/aws-apigateway:authorizerChangeDeploymentLogicalId": true,
    "@aws-cdk/aws-ec2:launchTemplateDefaultUserData": true,
    "@aws-cdk/aws-secretsmanager:useAttachedSecretResourcePolicyForSecretTargetAttachments": true,
    "@aws-cdk/aws-redshift:columnId": true,
    "@aws-cdk/aws-stepfunctions-tasks:enableEmrServicePolicyV2": true,
    "@aws-cdk/aws-ec2:restrictDefaultSecurityGroup": true,
    "@aws-cdk/aws-apigateway:requestValidatorUniqueId": true,
    "@aws-cdk/aws-kms:aliasNameRef": true,
    "@aws-cdk/aws-autoscaling:generateLaunchTemplateInsteadOfLaunchConfig": true,
    "@aws-cdk/core:includePrefixInUniqueNameGeneration": true,
    "@aws-cdk/aws-efs:denyAnonymousAccess": true,
    "@aws-cdk/aws-opensearchservice:enableOpensearchMultiAzWithStandby": true,
    "@aws-cdk/aws-lambda-nodejs:useLatestRuntimeVersion": true,
    "@aws-cdk/aws-efs:mountTargetOrderInsensitiveLogicalId": true,
    "@aws-cdk/aws-rds:auroraClusterChangeScopeOfInstanceParameterGroupWithEachParameters": true,
    "@aws-cdk/aws-appsync:useArnForSourceApiAssociationIdentifier": true,
    "@aws-cdk/aws-rds:preventRenderingDeprecatedCredentials": true,
    "@aws-cdk/aws-codepipeline-actions:useNewDefaultBranchForCodeCommitSource": true,
    "@aws-cdk/aws-cloudwatch-actions:changeLambdaPermissionLogicalIdForLambdaAction": true,
    "@aws-cdk/aws-codepipeline:crossAccountKeysDefaultValueToFalse": true,
    "@aws-cdk/aws-codepipeline:defaultPipelineTypeToV2": true,
    "@aws-cdk/aws-kms:reduceCrossAccountRegionPolicyScope": true,
    "@aws-cdk/aws-eks:nodegroupNameAttribute": true,
    "@aws-cdk/aws-ec2:ebsDefaultGp3Volume": true,
    "@aws-cdk/aws-ecs:removeDefaultDeploymentAlarm": true,
    "@aws-cdk/custom-resources:logApiResponseDataPropertyTrueDefault": false,
    "@aws-cdk/aws-s3:keepNotificationInImportedBucket": false
  }
}
[14:51:42] merged settings: {
  versionReporting: true,
  assetMetadata: true,
  pathMetadata: true,
  output: 'cdk.out',
  app: 'python3 cdk/app.py',
  watch: {
    include: [ '**' ],
    exclude: [
      'README.md',
      'cdk*.json',
      'requirements*.txt',
      'source.bat',
      '**/__init__.py',
      '**/__pycache__',
      'tests'
    ]
  },
  context: {
    '@aws-cdk/aws-lambda:recognizeLayerVersion': true,
    '@aws-cdk/core:checkSecretUsage': true,
    '@aws-cdk/core:target-partitions': [ 'aws', 'aws-cn' ],
    '@aws-cdk-containers/ecs-service-extensions:enableDefaultLogDriver': true,
    '@aws-cdk/aws-ec2:uniqueImdsv2TemplateName': true,
    '@aws-cdk/aws-ecs:arnFormatIncludesClusterName': true,
    '@aws-cdk/aws-iam:minimizePolicies': true,
    '@aws-cdk/core:validateSnapshotRemovalPolicy': true,
    '@aws-cdk/aws-codepipeline:crossAccountKeyAliasStackSafeResourceName': true,
    '@aws-cdk/aws-s3:createDefaultLoggingPolicy': true,
    '@aws-cdk/aws-sns-subscriptions:restrictSqsDescryption': true,
    '@aws-cdk/aws-apigateway:disableCloudWatchRole': true,
    '@aws-cdk/core:enablePartitionLiterals': true,
    '@aws-cdk/aws-events:eventsTargetQueueSameAccount': true,
    '@aws-cdk/aws-iam:standardizedServicePrincipals': true,
    '@aws-cdk/aws-ecs:disableExplicitDeploymentControllerForCircuitBreaker': true,
    '@aws-cdk/aws-iam:importedRoleStackSafeDefaultPolicyName': true,
    '@aws-cdk/aws-s3:serverAccessLogsUseBucketPolicy': true,
    '@aws-cdk/aws-route53-patters:useCertificate': true,
    '@aws-cdk/customresources:installLatestAwsSdkDefault': false,
    '@aws-cdk/aws-rds:databaseProxyUniqueResourceName': true,
    '@aws-cdk/aws-codedeploy:removeAlarmsFromDeploymentGroup': true,
    '@aws-cdk/aws-apigateway:authorizerChangeDeploymentLogicalId': true,
    '@aws-cdk/aws-ec2:launchTemplateDefaultUserData': true,
    '@aws-cdk/aws-secretsmanager:useAttachedSecretResourcePolicyForSecretTargetAttachments': true,
    '@aws-cdk/aws-redshift:columnId': true,
    '@aws-cdk/aws-stepfunctions-tasks:enableEmrServicePolicyV2': true,
    '@aws-cdk/aws-ec2:restrictDefaultSecurityGroup': true,
    '@aws-cdk/aws-apigateway:requestValidatorUniqueId': true,
    '@aws-cdk/aws-kms:aliasNameRef': true,
    '@aws-cdk/aws-autoscaling:generateLaunchTemplateInsteadOfLaunchConfig': true,
    '@aws-cdk/core:includePrefixInUniqueNameGeneration': true,
    '@aws-cdk/aws-efs:denyAnonymousAccess': true,
    '@aws-cdk/aws-opensearchservice:enableOpensearchMultiAzWithStandby': true,
    '@aws-cdk/aws-lambda-nodejs:useLatestRuntimeVersion': true,
    '@aws-cdk/aws-efs:mountTargetOrderInsensitiveLogicalId': true,
    '@aws-cdk/aws-rds:auroraClusterChangeScopeOfInstanceParameterGroupWithEachParameters': true,
    '@aws-cdk/aws-appsync:useArnForSourceApiAssociationIdentifier': true,
    '@aws-cdk/aws-rds:preventRenderingDeprecatedCredentials': true,
    '@aws-cdk/aws-codepipeline-actions:useNewDefaultBranchForCodeCommitSource': true,
    '@aws-cdk/aws-cloudwatch-actions:changeLambdaPermissionLogicalIdForLambdaAction': true,
    '@aws-cdk/aws-codepipeline:crossAccountKeysDefaultValueToFalse': true,
    '@aws-cdk/aws-codepipeline:defaultPipelineTypeToV2': true,
    '@aws-cdk/aws-kms:reduceCrossAccountRegionPolicyScope': true,
    '@aws-cdk/aws-eks:nodegroupNameAttribute': true,
    '@aws-cdk/aws-ec2:ebsDefaultGp3Volume': true,
    '@aws-cdk/aws-ecs:removeDefaultDeploymentAlarm': true,
    '@aws-cdk/custom-resources:logApiResponseDataPropertyTrueDefault': false,
    '@aws-cdk/aws-s3:keepNotificationInImportedBucket': false
  },
  debug: false,
  requireApproval: 'never',
  toolkitBucket: {},
  staging: true,
  bundlingStacks: [ '**' ],
  lookups: true,
  assetPrebuild: true,
  ignoreNoStacks: false,
  hotswap: { ecs: {} },
  unstable: []
}
[14:51:42] Toolkit stack: CDKToolkit
[14:51:42] context: {
  '@aws-cdk/aws-lambda:recognizeLayerVersion': true,
  '@aws-cdk/core:checkSecretUsage': true,
  '@aws-cdk/core:target-partitions': [ 'aws', 'aws-cn' ],
  '@aws-cdk-containers/ecs-service-extensions:enableDefaultLogDriver': true,
  '@aws-cdk/aws-ec2:uniqueImdsv2TemplateName': true,
  '@aws-cdk/aws-ecs:arnFormatIncludesClusterName': true,
  '@aws-cdk/aws-iam:minimizePolicies': true,
  '@aws-cdk/core:validateSnapshotRemovalPolicy': true,
  '@aws-cdk/aws-codepipeline:crossAccountKeyAliasStackSafeResourceName': true,
  '@aws-cdk/aws-s3:createDefaultLoggingPolicy': true,
  '@aws-cdk/aws-sns-subscriptions:restrictSqsDescryption': true,
  '@aws-cdk/aws-apigateway:disableCloudWatchRole': true,
  '@aws-cdk/core:enablePartitionLiterals': true,
  '@aws-cdk/aws-events:eventsTargetQueueSameAccount': true,
  '@aws-cdk/aws-iam:standardizedServicePrincipals': true,
  '@aws-cdk/aws-ecs:disableExplicitDeploymentControllerForCircuitBreaker': true,
  '@aws-cdk/aws-iam:importedRoleStackSafeDefaultPolicyName': true,
  '@aws-cdk/aws-s3:serverAccessLogsUseBucketPolicy': true,
  '@aws-cdk/aws-route53-patters:useCertificate': true,
  '@aws-cdk/customresources:installLatestAwsSdkDefault': false,
  '@aws-cdk/aws-rds:databaseProxyUniqueResourceName': true,
  '@aws-cdk/aws-codedeploy:removeAlarmsFromDeploymentGroup': true,
  '@aws-cdk/aws-apigateway:authorizerChangeDeploymentLogicalId': true,
  '@aws-cdk/aws-ec2:launchTemplateDefaultUserData': true,
  '@aws-cdk/aws-secretsmanager:useAttachedSecretResourcePolicyForSecretTargetAttachments': true,
  '@aws-cdk/aws-redshift:columnId': true,
  '@aws-cdk/aws-stepfunctions-tasks:enableEmrServicePolicyV2': true,
  '@aws-cdk/aws-ec2:restrictDefaultSecurityGroup': true,
  '@aws-cdk/aws-apigateway:requestValidatorUniqueId': true,
  '@aws-cdk/aws-kms:aliasNameRef': true,
  '@aws-cdk/aws-autoscaling:generateLaunchTemplateInsteadOfLaunchConfig': true,
  '@aws-cdk/core:includePrefixInUniqueNameGeneration': true,
  '@aws-cdk/aws-efs:denyAnonymousAccess': true,
  '@aws-cdk/aws-opensearchservice:enableOpensearchMultiAzWithStandby': true,
  '@aws-cdk/aws-lambda-nodejs:useLatestRuntimeVersion': true,
  '@aws-cdk/aws-efs:mountTargetOrderInsensitiveLogicalId': true,
  '@aws-cdk/aws-rds:auroraClusterChangeScopeOfInstanceParameterGroupWithEachParameters': true,
  '@aws-cdk/aws-appsync:useArnForSourceApiAssociationIdentifier': true,
  '@aws-cdk/aws-rds:preventRenderingDeprecatedCredentials': true,
  '@aws-cdk/aws-codepipeline-actions:useNewDefaultBranchForCodeCommitSource': true,
  '@aws-cdk/aws-cloudwatch-actions:changeLambdaPermissionLogicalIdForLambdaAction': true,
  '@aws-cdk/aws-codepipeline:crossAccountKeysDefaultValueToFalse': true,
  '@aws-cdk/aws-codepipeline:defaultPipelineTypeToV2': true,
  '@aws-cdk/aws-kms:reduceCrossAccountRegionPolicyScope': true,
  '@aws-cdk/aws-eks:nodegroupNameAttribute': true,
  '@aws-cdk/aws-ec2:ebsDefaultGp3Volume': true,
  '@aws-cdk/aws-ecs:removeDefaultDeploymentAlarm': true,
  '@aws-cdk/custom-resources:logApiResponseDataPropertyTrueDefault': false,
  '@aws-cdk/aws-s3:keepNotificationInImportedBucket': false,
  'aws:cdk:enable-path-metadata': true,
  'aws:cdk:enable-asset-metadata': true,
  'aws:cdk:version-reporting': true,
  'aws:cdk:bundling-stacks': [ '**' ]
}
[14:51:42] Setting "CDK_DEFAULT_REGION" environment variable to us-east-1
[14:51:42] Retrieved account ID 507282033774 from disk cache
[14:51:42] Setting "CDK_DEFAULT_ACCOUNT" environment variable to 507282033774
[14:51:42] outdir: cdk.out
[14:51:42] env: {
  CDK_DEFAULT_REGION: 'us-east-1',
  CDK_DEFAULT_ACCOUNT: '507282033774',
  CDK_OUTDIR: 'cdk.out',
  CDK_CLI_ASM_VERSION: '49.0.0',
  CDK_CLI_VERSION: '2.1034.0'
}
[14:51:43] Notices refreshed
Including dependency stacks: CapaStorageStack

✨  Synthesis time: 3.8s

[14:51:46] Checking for previously published assets
[14:51:46] Retrieved account ID 507282033774 from disk cache
[14:51:46] Assuming role 'arn:aws:iam::507282033774:role/cdk-hnb659fds-file-publishing-role-507282033774-us-east-1'.
[14:51:46] Retrieved account ID 507282033774 from disk cache
[14:51:46] Assuming role 'arn:aws:iam::507282033774:role/cdk-hnb659fds-file-publishing-role-507282033774-us-east-1'.
[14:51:46] Retrieved account ID 507282033774 from disk cache
[14:51:46] Assuming role 'arn:aws:iam::507282033774:role/cdk-hnb659fds-file-publishing-role-507282033774-us-east-1'.
[14:51:46] Retrieved account ID 507282033774 from disk cache
[14:51:46] Assuming role 'arn:aws:iam::507282033774:role/cdk-hnb659fds-image-publishing-role-507282033774-us-east-1'.
[14:51:47] CapaStorageStack: check: Check s3://cdk-hnb659fds-assets-507282033774-us-east-1/cfbbdee7463162cf8590ee3d44421a736d03696ee3d8397d9b73a5e83c4dd441.json
[14:51:47] CapaStorageStack: check: Check s3://cdk-hnb659fds-assets-507282033774-us-east-1/b7f33614a69548d6bafe224d751a7ef238cde19097415e553fe8b63a4c8fd8a6.zip
[14:51:47] CapaInferenceStack: check: Check s3://cdk-hnb659fds-assets-507282033774-us-east-1/1544a6330aab4d166f245c8ea22dbbee8dd0496f2f30bc359b9f1bbaf1f57722.json
[14:51:48] CapaInferenceStack: check: Check 507282033774.dkr.ecr.us-east-1.amazonaws.com/cdk-hnb659fds-container-assets-507282033774-us-east-1:1f4bd86f8eff0f5a84f7d643fbcb4fea09e58b2a2fe4b6e98e1b4454c5cf9f58
[14:51:48] CapaStorageStack: found: Found s3://cdk-hnb659fds-assets-507282033774-us-east-1/b7f33614a69548d6bafe224d751a7ef238cde19097415e553fe8b63a4c8fd8a6.zip
[14:51:48] CapaStorageStack: found: Found s3://cdk-hnb659fds-assets-507282033774-us-east-1/cfbbdee7463162cf8590ee3d44421a736d03696ee3d8397d9b73a5e83c4dd441.json
[14:51:49] 4 total assets, 2 still need to be published
CapaStorageStack
CapaStorageStack: deploying... [1/2]
[14:51:49] Retrieved account ID 507282033774 from disk cache
[14:51:49] Assuming role 'arn:aws:iam::507282033774:role/cdk-hnb659fds-deploy-role-507282033774-us-east-1'.
[14:51:49] Retrieved account ID 507282033774 from disk cache
[14:51:49] Assuming role 'arn:aws:iam::507282033774:role/cdk-hnb659fds-deploy-role-507282033774-us-east-1'.
CapaInferenceStack: start: Building 1544a6330aab4d166f245c8ea22dbbee8dd0496f2f30bc359b9f1bbaf1f57722
CapaInferenceStack: success: Built 1544a6330aab4d166f245c8ea22dbbee8dd0496f2f30bc359b9f1bbaf1f57722
[14:51:51] Retrieved account ID 507282033774 from disk cache
CapaInferenceStack: start: Building 1f4bd86f8eff0f5a84f7d643fbcb4fea09e58b2a2fe4b6e98e1b4454c5cf9f58
[14:51:51] CapaInferenceStack: debug: debug
[14:51:51] Retrieved account ID 507282033774 from disk cache
[14:51:52] CapaStorageStack: checking if we can skip deploy
[14:51:53] CapaStorageStack: skipping deployment (use --force to override)

 ✅  CapaStorageStack (no changes)

✨  Deployment time: 4s

Outputs:
CapaStorageStack.ExportsOutputFnGetAttImagesBucket1E86AFB2Arn58FEFB4A = arn:aws:s3:::capastoragestack-imagesbucket1e86afb2-vsor7e9xpti8
CapaStorageStack.ExportsOutputRefImagesBucket1E86AFB213EE8BEC = capastoragestack-imagesbucket1e86afb2-vsor7e9xpti8
Stack ARN:
arn:aws:cloudformation:us-east-1:507282033774:stack/CapaStorageStack/62f230a0-d3eb-11f0-b695-0e1617ad5923

✨  Total time: 7.79s

[14:51:53] Retrieved account ID 507282033774 from disk cache
CapaInferenceStack: start: Publishing 1544a6330aab4d166f245c8ea22dbbee8dd0496f2f30bc359b9f1bbaf1f57722:current_account-current_region
[14:51:54] Retrieved account ID 507282033774 from disk cache
[14:51:54] Assuming role 'arn:aws:iam::507282033774:role/cdk-hnb659fds-file-publishing-role-507282033774-us-east-1'.
[14:51:55] CapaInferenceStack: check: Check s3://cdk-hnb659fds-assets-507282033774-us-east-1/1544a6330aab4d166f245c8ea22dbbee8dd0496f2f30bc359b9f1bbaf1f57722.json
[14:51:56] CapaInferenceStack: build: Building Docker image at /Users/amitjoshi/Documents/repo/CAPA-AI-Engine/cdk.out/asset.1f4bd86f8eff0f5a84f7d643fbcb4fea09e58b2a2fe4b6e98e1b4454c5cf9f58
[14:51:56] CapaInferenceStack: debug: shell_open
[14:51:57] CapaInferenceStack: upload: Upload s3://cdk-hnb659fds-assets-507282033774-us-east-1/1544a6330aab4d166f245c8ea22dbbee8dd0496f2f30bc359b9f1bbaf1f57722.json
#0 building with "desktop-linux" instance using docker driver

#1 [internal] load build definition from Dockerfile
#1 transferring dockerfile: 310B done
#1 DONE 0.0s

#2 [internal] load metadata for public.ecr.aws/lambda/python:3.9
CapaInferenceStack: success: Published 1544a6330aab4d166f245c8ea22dbbee8dd0496f2f30bc359b9f1bbaf1f57722:current_account-current_region
#2 DONE 3.5s

#3 [internal] load .dockerignore
#3 transferring context: 2B done
#3 DONE 0.0s

#4 [internal] load build context
#4 transferring context: 3.46kB done
#4 DONE 0.0s

#5 [1/3] FROM public.ecr.aws/lambda/python:3.9@sha256:fd4edfa0bd9afd5db77d67b35905a25b462f644c875c8317a94e712a7127fd56
#5 resolve public.ecr.aws/lambda/python:3.9@sha256:fd4edfa0bd9afd5db77d67b35905a25b462f644c875c8317a94e712a7127fd56 0.0s done
#5 sha256:842f11104e84522d149aca2fcba97e812586abbc7761b1bd0e88601f2834e756 0B / 60.42MB 0.2s
#5 sha256:516fc5736a43656bed5ceee90254ee4c7a1c79487204fa9b9c067e5a2e605199 0B / 15.60MB 0.2s
#5 sha256:cebd1740a6d3549c8787a9351551d7cdd8edba8e70d780cce52357c417e0eb7e 0B / 3.68MB 0.2s
#5 sha256:d2c7d58bf0d597228758f707d4fe536dfc9ad3dcc38405e8dbfd05a758760070 0B / 417B 0.2s
#5 sha256:d2c7d58bf0d597228758f707d4fe536dfc9ad3dcc38405e8dbfd05a758760070 417B / 417B 1.3s done
#5 sha256:516fc5736a43656bed5ceee90254ee4c7a1c79487204fa9b9c067e5a2e605199 1.05MB / 15.60MB 1.4s
#5 sha256:c1969affccdb67f19f54585790b612ef78477d5d2dafd0563c7bc9331b82e40a 0B / 88.12kB 0.2s
#5 sha256:516fc5736a43656bed5ceee90254ee4c7a1c79487204fa9b9c067e5a2e605199 3.15MB / 15.60MB 1.5s
#5 sha256:516fc5736a43656bed5ceee90254ee4c7a1c79487204fa9b9c067e5a2e605199 4.66MB / 15.60MB 1.7s
#5 sha256:516fc5736a43656bed5ceee90254ee4c7a1c79487204fa9b9c067e5a2e605199 9.44MB / 15.60MB 1.8s
#5 sha256:516fc5736a43656bed5ceee90254ee4c7a1c79487204fa9b9c067e5a2e605199 15.60MB / 15.60MB 2.2s done
#5 sha256:c1969affccdb67f19f54585790b612ef78477d5d2dafd0563c7bc9331b82e40a 88.12kB / 88.12kB 0.8s done
#5 sha256:842f11104e84522d149aca2fcba97e812586abbc7761b1bd0e88601f2834e756 6.29MB / 60.42MB 2.4s
#5 sha256:dd5fd292f8867ebf7f044e01412b0a84ad8617cf38addc101f4a7a33d36d4179 0B / 105.25MB 0.2s
#5 sha256:842f11104e84522d149aca2fcba97e812586abbc7761b1bd0e88601f2834e756 10.49MB / 60.42MB 2.6s
#5 sha256:cebd1740a6d3549c8787a9351551d7cdd8edba8e70d780cce52357c417e0eb7e 1.05MB / 3.68MB 2.4s
#5 sha256:cebd1740a6d3549c8787a9351551d7cdd8edba8e70d780cce52357c417e0eb7e 2.10MB / 3.68MB 2.9s
#5 sha256:842f11104e84522d149aca2fcba97e812586abbc7761b1bd0e88601f2834e756 14.34MB / 60.42MB 3.0s
#5 sha256:cebd1740a6d3549c8787a9351551d7cdd8edba8e70d780cce52357c417e0eb7e 3.68MB / 3.68MB 3.0s done
#5 sha256:dd5fd292f8867ebf7f044e01412b0a84ad8617cf38addc101f4a7a33d36d4179 6.29MB / 105.25MB 1.1s
#5 sha256:842f11104e84522d149aca2fcba97e812586abbc7761b1bd0e88601f2834e756 19.63MB / 60.42MB 3.6s
#5 sha256:842f11104e84522d149aca2fcba97e812586abbc7761b1bd0e88601f2834e756 23.07MB / 60.42MB 3.9s
#5 sha256:dd5fd292f8867ebf7f044e01412b0a84ad8617cf38addc101f4a7a33d36d4179 12.43MB / 105.25MB 1.7s
#5 sha256:842f11104e84522d149aca2fcba97e812586abbc7761b1bd0e88601f2834e756 28.31MB / 60.42MB 4.4s
#5 sha256:dd5fd292f8867ebf7f044e01412b0a84ad8617cf38addc101f4a7a33d36d4179 18.28MB / 105.25MB 2.3s
#5 sha256:842f11104e84522d149aca2fcba97e812586abbc7761b1bd0e88601f2834e756 33.55MB / 60.42MB 5.0s
#5 sha256:dd5fd292f8867ebf7f044e01412b0a84ad8617cf38addc101f4a7a33d36d4179 25.17MB / 105.25MB 2.9s
#5 sha256:842f11104e84522d149aca2fcba97e812586abbc7761b1bd0e88601f2834e756 36.70MB / 60.42MB 5.3s
#5 sha256:842f11104e84522d149aca2fcba97e812586abbc7761b1bd0e88601f2834e756 39.85MB / 60.42MB 5.6s
#5 sha256:dd5fd292f8867ebf7f044e01412b0a84ad8617cf38addc101f4a7a33d36d4179 31.46MB / 105.25MB 3.3s
#5 sha256:842f11104e84522d149aca2fcba97e812586abbc7761b1bd0e88601f2834e756 45.09MB / 60.42MB 6.0s
#5 sha256:dd5fd292f8867ebf7f044e01412b0a84ad8617cf38addc101f4a7a33d36d4179 37.75MB / 105.25MB 3.8s
#5 sha256:842f11104e84522d149aca2fcba97e812586abbc7761b1bd0e88601f2834e756 49.23MB / 60.42MB 6.5s
#5 sha256:842f11104e84522d149aca2fcba97e812586abbc7761b1bd0e88601f2834e756 52.43MB / 60.42MB 6.6s
#5 sha256:dd5fd292f8867ebf7f044e01412b0a84ad8617cf38addc101f4a7a33d36d4179 43.29MB / 105.25MB 4.4s
#5 sha256:dd5fd292f8867ebf7f044e01412b0a84ad8617cf38addc101f4a7a33d36d4179 50.33MB / 105.25MB 4.7s
#5 sha256:842f11104e84522d149aca2fcba97e812586abbc7761b1bd0e88601f2834e756 55.57MB / 60.42MB 7.1s
#5 sha256:842f11104e84522d149aca2fcba97e812586abbc7761b1bd0e88601f2834e756 58.72MB / 60.42MB 7.2s
#5 sha256:dd5fd292f8867ebf7f044e01412b0a84ad8617cf38addc101f4a7a33d36d4179 56.62MB / 105.25MB 5.1s
#5 sha256:842f11104e84522d149aca2fcba97e812586abbc7761b1bd0e88601f2834e756 60.42MB / 60.42MB 7.5s done
#5 sha256:dd5fd292f8867ebf7f044e01412b0a84ad8617cf38addc101f4a7a33d36d4179 63.96MB / 105.25MB 5.6s
#5 sha256:dd5fd292f8867ebf7f044e01412b0a84ad8617cf38addc101f4a7a33d36d4179 71.30MB / 105.25MB 5.9s
#5 sha256:dd5fd292f8867ebf7f044e01412b0a84ad8617cf38addc101f4a7a33d36d4179 78.07MB / 105.25MB 6.2s
#5 sha256:dd5fd292f8867ebf7f044e01412b0a84ad8617cf38addc101f4a7a33d36d4179 85.98MB / 105.25MB 6.5s
#5 sha256:dd5fd292f8867ebf7f044e01412b0a84ad8617cf38addc101f4a7a33d36d4179 93.32MB / 105.25MB 6.8s
#5 sha256:dd5fd292f8867ebf7f044e01412b0a84ad8617cf38addc101f4a7a33d36d4179 100.80MB / 105.25MB 7.1s
#5 sha256:dd5fd292f8867ebf7f044e01412b0a84ad8617cf38addc101f4a7a33d36d4179 105.25MB / 105.25MB 7.2s done
#5 extracting sha256:dd5fd292f8867ebf7f044e01412b0a84ad8617cf38addc101f4a7a33d36d4179
#5 extracting sha256:dd5fd292f8867ebf7f044e01412b0a84ad8617cf38addc101f4a7a33d36d4179 5.2s done
#5 DONE 14.6s

#5 [1/3] FROM public.ecr.aws/lambda/python:3.9@sha256:fd4edfa0bd9afd5db77d67b35905a25b462f644c875c8317a94e712a7127fd56
#5 extracting sha256:c1969affccdb67f19f54585790b612ef78477d5d2dafd0563c7bc9331b82e40a 0.0s done
#5 extracting sha256:d2c7d58bf0d597228758f707d4fe536dfc9ad3dcc38405e8dbfd05a758760070 done
#5 extracting sha256:cebd1740a6d3549c8787a9351551d7cdd8edba8e70d780cce52357c417e0eb7e 0.1s done
#5 DONE 14.8s

#5 [1/3] FROM public.ecr.aws/lambda/python:3.9@sha256:fd4edfa0bd9afd5db77d67b35905a25b462f644c875c8317a94e712a7127fd56
#5 extracting sha256:842f11104e84522d149aca2fcba97e812586abbc7761b1bd0e88601f2834e756
#5 extracting sha256:842f11104e84522d149aca2fcba97e812586abbc7761b1bd0e88601f2834e756 3.2s done
#5 DONE 18.0s

#5 [1/3] FROM public.ecr.aws/lambda/python:3.9@sha256:fd4edfa0bd9afd5db77d67b35905a25b462f644c875c8317a94e712a7127fd56
#5 extracting sha256:516fc5736a43656bed5ceee90254ee4c7a1c79487204fa9b9c067e5a2e605199
#5 extracting sha256:516fc5736a43656bed5ceee90254ee4c7a1c79487204fa9b9c067e5a2e605199 0.5s done
#5 DONE 18.5s

#6 [2/3] RUN pip install --no-cache-dir     torch==2.0.1     torchvision==0.15.2     Pillow     boto3
#6 1.749 Collecting torch==2.0.1
#6 1.991   Downloading torch-2.0.1-cp39-cp39-manylinux1_x86_64.whl (619.9 MB)
#6 43.48      ━━━━━━━━━━━━━━━━━━━━━━━━━━━━━━━━━━━━━━ 619.9/619.9 MB 17.2 MB/s eta 0:00:00
#6 45.42 Collecting torchvision==0.15.2
#6 45.44   Downloading torchvision-0.15.2-cp39-cp39-manylinux1_x86_64.whl (6.0 MB)
#6 45.87      ━━━━━━━━━━━━━━━━━━━━━━━━━━━━━━━━━━━━━━━━ 6.0/6.0 MB 14.3 MB/s eta 0:00:00
#6 46.41 Collecting Pillow
#6 46.42   Downloading pillow-11.3.0-cp39-cp39-manylinux2014_x86_64.manylinux_2_17_x86_64.whl (7.6 MB)
#6 46.89      ━━━━━━━━━━━━━━━━━━━━━━━━━━━━━━━━━━━━━━━━ 7.6/7.6 MB 16.4 MB/s eta 0:00:00
#6 47.86 Collecting boto3
#6 47.87   Downloading boto3-1.42.18-py3-none-any.whl (140 kB)
#6 47.87      ━━━━━━━━━━━━━━━━━━━━━━━━━━━━━━━━━━━━━━ 140.6/140.6 kB 26.0 MB/s eta 0:00:00
#6 47.94 Collecting nvidia-nvtx-cu11==11.7.91
#6 47.95   Downloading nvidia_nvtx_cu11-11.7.91-py3-none-manylinux1_x86_64.whl (98 kB)
#6 47.95      ━━━━━━━━━━━━━━━━━━━━━━━━━━━━━━━━━━━━━━━━ 98.6/98.6 kB 28.0 MB/s eta 0:00:00
#6 48.01 Collecting triton==2.0.0
#6 48.02   Downloading triton-2.0.0-1-cp39-cp39-manylinux2014_x86_64.manylinux_2_17_x86_64.whl (63.3 MB)
#6 54.91      ━━━━━━━━━━━━━━━━━━━━━━━━━━━━━━━━━━━━━━━━ 63.3/63.3 MB 9.8 MB/s eta 0:00:00
#6 55.29 Collecting networkx
#6 55.30   Downloading networkx-3.2.1-py3-none-any.whl (1.6 MB)
#6 55.52      ━━━━━━━━━━━━━━━━━━━━━━━━━━━━━━━━━━━━━━━━ 1.6/1.6 MB 7.8 MB/s eta 0:00:00
#6 55.61 Collecting jinja2
#6 55.62   Downloading jinja2-3.1.6-py3-none-any.whl (134 kB)
#6 55.64      ━━━━━━━━━━━━━━━━━━━━━━━━━━━━━━━━━━━━━━━ 134.9/134.9 kB 8.3 MB/s eta 0:00:00
#6 55.72 Collecting nvidia-cusolver-cu11==11.4.0.1
#6 55.73   Downloading nvidia_cusolver_cu11-11.4.0.1-2-py3-none-manylinux1_x86_64.whl (102.6 MB)
#6 66.82      ━━━━━━━━━━━━━━━━━━━━━━━━━━━━━━━━━━━━━━━ 102.6/102.6 MB 8.0 MB/s eta 0:00:00
#6 67.12 Collecting nvidia-nccl-cu11==2.14.3
#6 67.13   Downloading nvidia_nccl_cu11-2.14.3-py3-none-manylinux1_x86_64.whl (177.1 MB)
#6 87.35      ━━━━━━━━━━━━━━━━━━━━━━━━━━━━━━━━━━━━━━━ 177.1/177.1 MB 6.1 MB/s eta 0:00:00
#6 87.84 Collecting sympy
#6 87.85   Downloading sympy-1.14.0-py3-none-any.whl (6.3 MB)
#6 89.59      ━━━━━━━━━━━━━━━━━━━━━━━━━━━━━━━━━━━━━━━━ 6.3/6.3 MB 3.6 MB/s eta 0:00:00
#6 89.70 Collecting nvidia-cuda-nvrtc-cu11==11.7.99
#6 89.71   Downloading nvidia_cuda_nvrtc_cu11-11.7.99-2-py3-none-manylinux1_x86_64.whl (21.0 MB)
#6 94.64      ━━━━━━━━━━━━━━━━━━━━━━━━━━━━━━━━━━━━━━━━ 21.0/21.0 MB 3.5 MB/s eta 0:00:00
#6 94.74 Collecting nvidia-curand-cu11==10.2.10.91
#6 94.75   Downloading nvidia_curand_cu11-10.2.10.91-py3-none-manylinux1_x86_64.whl (54.6 MB)
#6 100.7      ━━━━━━━━━━━━━━━━━━━━━━━━━━━━━━━━━━━━━━━━ 54.6/54.6 MB 11.7 MB/s eta 0:00:00
#6 100.9 Collecting nvidia-cusparse-cu11==11.7.4.91
#6 100.9   Downloading nvidia_cusparse_cu11-11.7.4.91-py3-none-manylinux1_x86_64.whl (173.2 MB)
#6 121.4      ━━━━━━━━━━━━━━━━━━━━━━━━━━━━━━━━━━━━━━━ 173.2/173.2 MB 6.9 MB/s eta 0:00:00
#6 121.8 Collecting nvidia-cudnn-cu11==8.5.0.96
#6 121.8   Downloading nvidia_cudnn_cu11-8.5.0.96-2-py3-none-manylinux1_x86_64.whl (557.1 MB)
#6 152.9      ━━━━━━━━━━━━━━━━━━━━━━━━━━━━━━━━━━━━━━ 557.1/557.1 MB 21.4 MB/s eta 0:00:00
#6 154.4 Collecting typing-extensions
#6 154.4   Downloading typing_extensions-4.15.0-py3-none-any.whl (44 kB)
#6 154.4      ━━━━━━━━━━━━━━━━━━━━━━━━━━━━━━━━━━━━━━━ 44.6/44.6 kB 170.4 MB/s eta 0:00:00
#6 154.4 Collecting nvidia-cufft-cu11==10.9.0.58
#6 154.4   Downloading nvidia_cufft_cu11-10.9.0.58-py3-none-manylinux2014_x86_64.whl (168.4 MB)
#6 162.4      ━━━━━━━━━━━━━━━━━━━━━━━━━━━━━━━━━━━━━━ 168.4/168.4 MB 14.1 MB/s eta 0:00:00
#6 162.9 Collecting filelock
#6 162.9   Downloading filelock-3.19.1-py3-none-any.whl (15 kB)
#6 163.0 Collecting nvidia-cuda-cupti-cu11==11.7.101
#6 163.0   Downloading nvidia_cuda_cupti_cu11-11.7.101-py3-none-manylinux1_x86_64.whl (11.8 MB)
#6 163.8      ━━━━━━━━━━━━━━━━━━━━━━━━━━━━━━━━━━━━━━━━ 11.8/11.8 MB 14.4 MB/s eta 0:00:00
#6 164.0 Collecting nvidia-cublas-cu11==11.10.3.66
#6 164.0   Downloading nvidia_cublas_cu11-11.10.3.66-py3-none-manylinux1_x86_64.whl (317.1 MB)
#6 180.4      ━━━━━━━━━━━━━━━━━━━━━━━━━━━━━━━━━━━━━━ 317.1/317.1 MB 24.6 MB/s eta 0:00:00
#6 181.2 Collecting nvidia-cuda-runtime-cu11==11.7.99
#6 181.2   Downloading nvidia_cuda_runtime_cu11-11.7.99-py3-none-manylinux1_x86_64.whl (849 kB)
#6 181.2      ━━━━━━━━━━━━━━━━━━━━━━━━━━━━━━━━━━━━━━ 849.3/849.3 kB 32.4 MB/s eta 0:00:00
#6 181.8 Collecting numpy
#6 181.8   Downloading numpy-2.0.2-cp39-cp39-manylinux_2_17_x86_64.manylinux2014_x86_64.whl (19.5 MB)
#6 182.5      ━━━━━━━━━━━━━━━━━━━━━━━━━━━━━━━━━━━━━━━━ 19.5/19.5 MB 27.7 MB/s eta 0:00:00
#6 182.7 Collecting requests
#6 182.7   Downloading requests-2.32.5-py3-none-any.whl (64 kB)
#6 182.7      ━━━━━━━━━━━━━━━━━━━━━━━━━━━━━━━━━━━━━━━ 64.7/64.7 kB 211.1 MB/s eta 0:00:00
#6 182.7 Requirement already satisfied: setuptools in /var/lang/lib/python3.9/site-packages (from nvidia-cublas-cu11==11.10.3.66->torch==2.0.1) (58.1.0)
#6 182.8 Collecting wheel
#6 182.9   Downloading wheel-0.45.1-py3-none-any.whl (72 kB)
#6 182.9      ━━━━━━━━━━━━━━━━━━━━━━━━━━━━━━━━━━━━━━━━ 72.5/72.5 kB 86.6 MB/s eta 0:00:00
#6 183.2 Collecting cmake
#6 183.2   Downloading cmake-4.2.1-py3-none-manylinux2014_x86_64.manylinux_2_17_x86_64.whl (28.9 MB)
#6 184.5      ━━━━━━━━━━━━━━━━━━━━━━━━━━━━━━━━━━━━━━━━ 28.9/28.9 MB 25.8 MB/s eta 0:00:00
#6 184.6 Collecting lit
#6 184.7   Downloading lit-18.1.8-py3-none-any.whl (96 kB)
#6 184.7      ━━━━━━━━━━━━━━━━━━━━━━━━━━━━━━━━━━━━━━━━ 96.4/96.4 kB 35.6 MB/s eta 0:00:00
#6 185.8 Collecting botocore<1.43.0,>=1.42.18
#6 185.8   Downloading botocore-1.42.18-py3-none-any.whl (14.5 MB)
#6 186.6      ━━━━━━━━━━━━━━━━━━━━━━━━━━━━━━━━━━━━━━━━ 14.5/14.5 MB 21.7 MB/s eta 0:00:00
#6 186.7 Collecting jmespath<2.0.0,>=0.7.1
#6 186.7   Downloading jmespath-1.0.1-py3-none-any.whl (20 kB)
#6 186.8 Collecting s3transfer<0.17.0,>=0.16.0
#6 186.8   Downloading s3transfer-0.16.0-py3-none-any.whl (86 kB)
#6 186.8      ━━━━━━━━━━━━━━━━━━━━━━━━━━━━━━━━━━━━━━━━ 86.8/86.8 kB 71.5 MB/s eta 0:00:00
#6 186.9 Collecting urllib3<1.27,>=1.25.4
#6 186.9   Downloading urllib3-1.26.20-py2.py3-none-any.whl (144 kB)
#6 187.0      ━━━━━━━━━━━━━━━━━━━━━━━━━━━━━━━━━━━━━━━ 144.2/144.2 kB 9.0 MB/s eta 0:00:00
#6 187.0 Collecting python-dateutil<3.0.0,>=2.1
#6 187.0   Downloading python_dateutil-2.9.0.post0-py2.py3-none-any.whl (229 kB)
#6 187.1      ━━━━━━━━━━━━━━━━━━━━━━━━━━━━━━━━━━━━━━ 229.9/229.9 kB 19.6 MB/s eta 0:00:00
#6 187.5 Collecting MarkupSafe>=2.0
#6 187.5   Downloading markupsafe-3.0.3-cp39-cp39-manylinux2014_x86_64.manylinux_2_17_x86_64.manylinux_2_28_x86_64.whl (20 kB)
#6 187.8 Collecting charset_normalizer<4,>=2
#6 187.8   Downloading charset_normalizer-3.4.4-cp39-cp39-manylinux2014_x86_64.manylinux_2_17_x86_64.manylinux_2_28_x86_64.whl (153 kB)
#6 187.8      ━━━━━━━━━━━━━━━━━━━━━━━━━━━━━━━━━━━━━━ 154.0/154.0 kB 67.1 MB/s eta 0:00:00
#6 187.9 Collecting idna<4,>=2.5
#6 187.9   Downloading idna-3.11-py3-none-any.whl (71 kB)
#6 187.9      ━━━━━━━━━━━━━━━━━━━━━━━━━━━━━━━━━━━━━━━━ 71.0/71.0 kB 47.5 MB/s eta 0:00:00
#6 188.0 Collecting certifi>=2017.4.17
#6 188.0   Downloading certifi-2025.11.12-py3-none-any.whl (159 kB)
#6 188.0      ━━━━━━━━━━━━━━━━━━━━━━━━━━━━━━━━━━━━━━ 159.4/159.4 kB 30.2 MB/s eta 0:00:00
#6 188.1 Collecting mpmath<1.4,>=1.1.0
#6 188.1   Downloading mpmath-1.3.0-py3-none-any.whl (536 kB)
#6 188.1      ━━━━━━━━━━━━━━━━━━━━━━━━━━━━━━━━━━━━━━ 536.2/536.2 kB 19.5 MB/s eta 0:00:00
#6 188.3 Collecting six>=1.5
#6 188.3   Downloading six-1.17.0-py2.py3-none-any.whl (11 kB)
#6 188.6 Installing collected packages: mpmath, lit, wheel, urllib3, typing-extensions, sympy, six, Pillow, nvidia-nccl-cu11, nvidia-cufft-cu11, nvidia-cuda-nvrtc-cu11, numpy, networkx, MarkupSafe, jmespath, idna, filelock, cmake, charset_normalizer, certifi, requests, python-dateutil, nvidia-nvtx-cu11, nvidia-cusparse-cu11, nvidia-curand-cu11, nvidia-cuda-runtime-cu11, nvidia-cuda-cupti-cu11, nvidia-cublas-cu11, jinja2, nvidia-cusolver-cu11, nvidia-cudnn-cu11, botocore, s3transfer, boto3, triton, torch, torchvision
#6 246.6 Successfully installed MarkupSafe-3.0.3 Pillow-11.3.0 boto3-1.42.18 botocore-1.42.18 certifi-2025.11.12 charset_normalizer-3.4.4 cmake-4.2.1 filelock-3.19.1 idna-3.11 jinja2-3.1.6 jmespath-1.0.1 lit-18.1.8 mpmath-1.3.0 networkx-3.2.1 numpy-2.0.2 nvidia-cublas-cu11-11.10.3.66 nvidia-cuda-cupti-cu11-11.7.101 nvidia-cuda-nvrtc-cu11-11.7.99 nvidia-cuda-runtime-cu11-11.7.99 nvidia-cudnn-cu11-8.5.0.96 nvidia-cufft-cu11-10.9.0.58 nvidia-curand-cu11-10.2.10.91 nvidia-cusolver-cu11-11.4.0.1 nvidia-cusparse-cu11-11.7.4.91 nvidia-nccl-cu11-2.14.3 nvidia-nvtx-cu11-11.7.91 python-dateutil-2.9.0.post0 requests-2.32.5 s3transfer-0.16.0 six-1.17.0 sympy-1.14.0 torch-2.0.1 torchvision-0.15.2 triton-2.0.0 typing-extensions-4.15.0 urllib3-1.26.20 wheel-0.45.1
#6 246.6 WARNING: Running pip as the 'root' user can result in broken permissions and conflicting behaviour with the system package manager. It is recommended to use a virtual environment instead: https://pip.pypa.io/warnings/venv
#6 246.9 
#6 246.9 [notice] A new release of pip is available: 23.0.1 -> 25.3
#6 246.9 [notice] To update, run: pip install --upgrade pip
#6 DONE 248.1s

#7 [3/3] COPY handler.py /var/task
#7 DONE 0.2s

#8 exporting to image
#8 exporting layers
#8 exporting layers 120.3s done
#8 exporting manifest sha256:beb9573b4548411dd1f112fa91a2408d5b722064c9eb99ef100b0ca72c2ad4bd done
#8 exporting config sha256:a40bc189b47a1144867f6551c7ac4bb0ff89b072491f77cdd95b6964d80d1d3b done
#8 naming to docker.io/library/cdkasset-1f4bd86f8eff0f5a84f7d643fbcb4fea09e58b2a2fe4b6e98e1b4454c5cf9f58:latest done
#8 DONE 120.4s
[14:58:28] CapaInferenceStack: debug: shell_open
CapaInferenceStack: success: Built 1f4bd86f8eff0f5a84f7d643fbcb4fea09e58b2a2fe4b6e98e1b4454c5cf9f58
CapaInferenceStack: start: Publishing 1f4bd86f8eff0f5a84f7d643fbcb4fea09e58b2a2fe4b6e98e1b4454c5cf9f58:current_account-current_region
[14:58:28] CapaInferenceStack: upload: Push 507282033774.dkr.ecr.us-east-1.amazonaws.com/cdk-hnb659fds-container-assets-507282033774-us-east-1:1f4bd86f8eff0f5a84f7d643fbcb4fea09e58b2a2fe4b6e98e1b4454c5cf9f58
[14:58:28] CapaInferenceStack: shell_open: docker push 507282033774.dkr.ecr.us-east-1.amazonaws.com/cdk-hnb659fds-container-assets-507282033774-us-east-1:1f4bd86f8eff0f5a84f7d643fbcb4fea09e58b2a2fe4b6e98e1b4454c5cf9f58
The push refers to repository [507282033774.dkr.ecr.us-east-1.amazonaws.com/cdk-hnb659fds-container-assets-507282033774-us-east-1]
5ace111057c4: Waiting
dd5fd292f886: Waiting
842f11104e84: Waiting
c1969affccdb: Waiting
cebd1740a6d3: Waiting
516fc5736a43: Waiting
5c6ac312ad1c: Waiting
d2c7d58bf0d5: Waiting
c1969affccdb: Waiting
cebd1740a6d3: Waiting
516fc5736a43: Waiting
5c6ac312ad1c: Waiting
d2c7d58bf0d5: Waiting
5ace111057c4: Waiting
dd5fd292f886: Waiting
842f11104e84: Waiting
516fc5736a43: Waiting
5c6ac312ad1c: Waiting
d2c7d58bf0d5: Waiting
5ace111057c4: Waiting
dd5fd292f886: Waiting
842f11104e84: Waiting
c1969affccdb: Waiting
cebd1740a6d3: Waiting
cebd1740a6d3: Waiting
516fc5736a43: Waiting
5c6ac312ad1c: Waiting
d2c7d58bf0d5: Waiting
5ace111057c4: Waiting
dd5fd292f886: Waiting
842f11104e84: Waiting
c1969affccdb: Waiting
516fc5736a43: Waiting
5c6ac312ad1c: Waiting
d2c7d58bf0d5: Waiting
5ace111057c4: Waiting
dd5fd292f886: Waiting
842f11104e84: Waiting
c1969affccdb: Waiting
cebd1740a6d3: Waiting
842f11104e84: Waiting
c1969affccdb: Waiting
cebd1740a6d3: Waiting
516fc5736a43: Waiting
5c6ac312ad1c: Waiting
d2c7d58bf0d5: Waiting
5ace111057c4: Waiting
dd5fd292f886: Waiting
cebd1740a6d3: Waiting
516fc5736a43: Waiting
5c6ac312ad1c: Waiting
d2c7d58bf0d5: Waiting
5ace111057c4: Waiting
dd5fd292f886: Waiting
842f11104e84: Waiting
c1969affccdb: Waiting
cebd1740a6d3: Waiting
516fc5736a43: Waiting
5c6ac312ad1c: Waiting
d2c7d58bf0d5: Waiting
5ace111057c4: Waiting
dd5fd292f886: Waiting
842f11104e84: Waiting
c1969affccdb: Waiting
516fc5736a43: Waiting
5c6ac312ad1c: Waiting
d2c7d58bf0d5: Waiting
5ace111057c4: Waiting
dd5fd292f886: Waiting
842f11104e84: Waiting
c1969affccdb: Waiting
cebd1740a6d3: Waiting
dd5fd292f886: Waiting
842f11104e84: Waiting
c1969affccdb: Waiting
cebd1740a6d3: Waiting
516fc5736a43: Waiting
5c6ac312ad1c: Waiting
d2c7d58bf0d5: Waiting
5ace111057c4: Waiting
516fc5736a43: Waiting
5c6ac312ad1c: Waiting
d2c7d58bf0d5: Waiting
5ace111057c4: Waiting
dd5fd292f886: Waiting
842f11104e84: Waiting
c1969affccdb: Waiting
cebd1740a6d3: Waiting
d2c7d58bf0d5: Waiting
5ace111057c4: Waiting
dd5fd292f886: Waiting
842f11104e84: Waiting
c1969affccdb: Waiting
cebd1740a6d3: Waiting
516fc5736a43: Waiting
5c6ac312ad1c: Waiting
cebd1740a6d3: Waiting
516fc5736a43: Waiting
5c6ac312ad1c: Waiting
d2c7d58bf0d5: Waiting
5ace111057c4: Waiting
dd5fd292f886: Waiting
842f11104e84: Waiting
c1969affccdb: Waiting
842f11104e84: Waiting
c1969affccdb: Waiting
cebd1740a6d3: Waiting
516fc5736a43: Waiting
5c6ac312ad1c: Waiting
d2c7d58bf0d5: Waiting
5ace111057c4: Waiting
dd5fd292f886: Waiting
516fc5736a43: Waiting
5c6ac312ad1c: Waiting
d2c7d58bf0d5: Waiting
5ace111057c4: Waiting
dd5fd292f886: Waiting
842f11104e84: Waiting
c1969affccdb: Waiting
cebd1740a6d3: Waiting
d2c7d58bf0d5: Pushed
5ace111057c4: Pushed
c1969affccdb: Pushed
cebd1740a6d3: Pushed
516fc5736a43: Pushed
842f11104e84: Pushed
dd5fd292f886: Pushed
5c6ac312ad1c: Pushed
1f4bd86f8eff0f5a84f7d643fbcb4fea09e58b2a2fe4b6e98e1b4454c5cf9f58: digest: sha256:beb9573b4548411dd1f112fa91a2408d5b722064c9eb99ef100b0ca72c2ad4bd size: 1887
CapaInferenceStack: success: Published 1f4bd86f8eff0f5a84f7d643fbcb4fea09e58b2a2fe4b6e98e1b4454c5cf9f58:current_account-current_region
CapaInferenceStack
CapaInferenceStack: deploying... [2/2]
[15:19:17] Retrieved account ID 507282033774 from disk cache
[15:19:17] Retrieved account ID 507282033774 from disk cache
[15:19:18] CapaInferenceStack: checking if we can skip deploy
[15:19:19] CapaInferenceStack: template has changed
[15:19:19] CapaInferenceStack: deploying...
[15:19:19] Waiting for stack CDKToolkit to finish creating or updating...
[15:19:21] Removing existing change set with name cdk-deploy-change-set if it exists
[15:19:22] Attempting to create ChangeSet with name cdk-deploy-change-set to update stack CapaInferenceStack
CapaInferenceStack: creating CloudFormation changeset...
[15:19:23] Initiated creation of changeset: arn:aws:cloudformation:us-east-1:507282033774:changeSet/cdk-deploy-change-set/49789ae7-38af-46d6-b63c-d04f3ad52382; waiting for it to finish creating...
[15:19:23] Waiting for changeset cdk-deploy-change-set on stack CapaInferenceStack to finish creating...
[15:19:24] Changeset cdk-deploy-change-set on stack CapaInferenceStack is still creating
[15:19:31] Initiating execution of changeset arn:aws:cloudformation:us-east-1:507282033774:changeSet/cdk-deploy-change-set/49789ae7-38af-46d6-b63c-d04f3ad52382 on stack CapaInferenceStack
[15:19:32] Execution of changeset arn:aws:cloudformation:us-east-1:507282033774:changeSet/cdk-deploy-change-set/49789ae7-38af-46d6-b63c-d04f3ad52382 on stack CapaInferenceStack has started; waiting for the update to complete...
[15:19:32] Waiting for stack CapaInferenceStack to finish creating or updating...
[15:19:33] Stack CapaInferenceStack has an ongoing operation in progress and is not stable (UPDATE_IN_PROGRESS (User Initiated))
CapaInferenceStack | 0/7 | 3:19:32 PM | UPDATE_IN_PROGRESS   | AWS::CloudFormation::Stack  | CapaInferenceStack User Initiated
[15:19:39] Stack CapaInferenceStack has an ongoing operation in progress and is not stable (UPDATE_IN_PROGRESS)
CapaInferenceStack | 0/7 | 3:19:35 PM | UPDATE_IN_PROGRESS   | AWS::CDK::Metadata          | CDKMetadata/Default (CDKMetadata) 
CapaInferenceStack | 0/7 | 3:19:36 PM | UPDATE_IN_PROGRESS   | AWS::Lambda::Function       | InferenceLambda (InferenceLambdaB235318C) 
CapaInferenceStack | 1/7 | 3:19:36 PM | UPDATE_COMPLETE      | AWS::CDK::Metadata          | CDKMetadata/Default (CDKMetadata) 
[15:19:45] Stack CapaInferenceStack has an ongoing operation in progress and is not stable (UPDATE_IN_PROGRESS)
[15:19:51] Stack CapaInferenceStack has an ongoing operation in progress and is not stable (UPDATE_IN_PROGRESS)
[15:19:56] Stack CapaInferenceStack has an ongoing operation in progress and is not stable (UPDATE_IN_PROGRESS)
[15:20:02] Stack CapaInferenceStack has an ongoing operation in progress and is not stable (UPDATE_IN_PROGRESS)
[15:20:08] Stack CapaInferenceStack has an ongoing operation in progress and is not stable (UPDATE_IN_PROGRESS)
[15:20:14] Stack CapaInferenceStack has an ongoing operation in progress and is not stable (UPDATE_IN_PROGRESS)
[15:20:20] Stack CapaInferenceStack has an ongoing operation in progress and is not stable (UPDATE_IN_PROGRESS)
[15:20:26] Stack CapaInferenceStack has an ongoing operation in progress and is not stable (UPDATE_IN_PROGRESS)
[15:20:32] Stack CapaInferenceStack has an ongoing operation in progress and is not stable (UPDATE_IN_PROGRESS)
[15:20:38] Stack CapaInferenceStack has an ongoing operation in progress and is not stable (UPDATE_IN_PROGRESS)
[15:20:44] Stack CapaInferenceStack has an ongoing operation in progress and is not stable (UPDATE_IN_PROGRESS)
[15:20:50] Stack CapaInferenceStack has an ongoing operation in progress and is not stable (UPDATE_IN_PROGRESS)
[15:20:56] Stack CapaInferenceStack has an ongoing operation in progress and is not stable (UPDATE_IN_PROGRESS)
CapaInferenceStack | 2/7 | 3:20:59 PM | UPDATE_COMPLETE      | AWS::Lambda::Function       | InferenceLambda (InferenceLambdaB235318C) 
CapaInferenceStack | 3/7 | 3:21:01 PM | UPDATE_COMPLETE_CLEA | AWS::CloudFormation::Stack  | CapaInferenceStack 
CapaInferenceStack | 4/7 | 3:21:02 PM | UPDATE_COMPLETE      | AWS::CloudFormation::Stack  | CapaInferenceStack 
[15:21:03] Stack CapaInferenceStack has completed updating

 ✅  CapaInferenceStack

✨  Deployment time: 106.38s

Outputs:
CapaInferenceStack.ApiEndpoint = https://9vaztqozti.execute-api.us-east-1.amazonaws.com/prod/
CapaInferenceStack.CapaInferenceApiEndpoint19976B38 = https://9vaztqozti.execute-api.us-east-1.amazonaws.com/prod/
CapaInferenceStack.InferenceUrl = https://9vaztqozti.execute-api.us-east-1.amazonaws.com/prod/inference
CapaInferenceStack.LambdaArn = arn:aws:lambda:us-east-1:507282033774:function:CapaInferenceStack-InferenceLambdaB235318C-IQVw1tAZ4YRG
Stack ARN:
arn:aws:cloudformation:us-east-1:507282033774:stack/CapaInferenceStack/22e7dd40-e55f-11f0-acf3-0e4096f00edb

✨  Total time: 110.18s


NOTICES         (What's this? https://github.com/aws/aws-cdk/wiki/CLI-Notices)

34892	CDK CLI will collect telemetry data on command usage starting at version 2.1100.0 (unless opted out)

	Overview: We do not collect customer content and we anonymize the
	          telemetry we do collect. See the attached issue for more
	          information on what data is collected, why, and how to
	          opt-out. Telemetry will NOT be collected for any CDK CLI
	          version prior to version 2.1100.0 - regardless of
	          opt-in/out. You can also preview the telemetry we will start
	          collecting by logging it to a local file, by adding
	          `--unstable=telemetry --telemetry-file=my/local/file` to any
	          `cdk` command.

	Affected versions: cli: >=2.0.0 <2.1100.0

	More information at: https://github.com/aws/aws-cdk/issues/34892


If you don’t want to see a notice anymore, use "cdk acknowledge <id>". For example, "cdk acknowledge 34892".
