Including dependency stacks: CapaStorageStack

✨  Synthesis time: 3.7s

CapaStorageStack
CapaStorageStack: deploying... [1/2]
CapaInferenceStack: start: Building f5f899211e56f830603b543a9ccf8bb1e3baea05d2c4b7fd0cd3a46f26c80ff5
CapaInferenceStack: success: Built f5f899211e56f830603b543a9ccf8bb1e3baea05d2c4b7fd0cd3a46f26c80ff5
CapaInferenceStack: start: Building 2905e4eccbef70c2b317b4243a39ecff2a43a101219e115c2e277710f636a566

 ✅  CapaStorageStack (no changes)

✨  Deployment time: 3.97s

Outputs:
CapaStorageStack.ExportsOutputFnGetAttImagesBucket1E86AFB2Arn58FEFB4A = arn:aws:s3:::capastoragestack-imagesbucket1e86afb2-vsor7e9xpti8
CapaStorageStack.ExportsOutputRefImagesBucket1E86AFB213EE8BEC = capastoragestack-imagesbucket1e86afb2-vsor7e9xpti8
Stack ARN:
arn:aws:cloudformation:us-east-1:507282033774:stack/CapaStorageStack/62f230a0-d3eb-11f0-b695-0e1617ad5923

✨  Total time: 7.68s

CapaInferenceStack: start: Publishing f5f899211e56f830603b543a9ccf8bb1e3baea05d2c4b7fd0cd3a46f26c80ff5:current_account-current_region
#0 building with "desktop-linux" instance using docker driver

#1 [internal] load build definition from Dockerfile
#1 transferring dockerfile: 310B 0.0s done
#1 DONE 0.0s

#2 [internal] load metadata for public.ecr.aws/lambda/python:3.9
CapaInferenceStack: success: Published f5f899211e56f830603b543a9ccf8bb1e3baea05d2c4b7fd0cd3a46f26c80ff5:current_account-current_region
#2 DONE 4.6s

#3 [internal] load .dockerignore
#3 transferring context: 2B done
#3 DONE 0.0s

#4 [internal] load build context
#4 transferring context: 3.46kB done
#4 DONE 0.0s

#5 [1/3] FROM public.ecr.aws/lambda/python:3.9@sha256:fd4edfa0bd9afd5db77d67b35905a25b462f644c875c8317a94e712a7127fd56
#5 resolve public.ecr.aws/lambda/python:3.9@sha256:fd4edfa0bd9afd5db77d67b35905a25b462f644c875c8317a94e712a7127fd56 0.0s done
#5 sha256:97ac89320e571e1cd005aed545d07abef1f277f224efb36848b815b1c2a323c4 0B / 15.60MB 0.2s
#5 sha256:c74070942a309387dbd6fb6d58aa816779384ac0f2b28b6ab23a1388cf8592e6 0B / 59.97MB 0.2s
#5 sha256:beed37d613f75601580309f97a23ce068c81f7217069b2691b42a100ca75a6cf 0B / 3.35MB 0.2s
#5 sha256:00532b645cc5fa07c4f074b579d27aa8d7d0afa84d8b2214193d6df140a9a479 0B / 418B 0.2s
#5 sha256:97ac89320e571e1cd005aed545d07abef1f277f224efb36848b815b1c2a323c4 1.05MB / 15.60MB 1.5s
#5 sha256:00532b645cc5fa07c4f074b579d27aa8d7d0afa84d8b2214193d6df140a9a479 418B / 418B 1.4s done
#5 sha256:97ac89320e571e1cd005aed545d07abef1f277f224efb36848b815b1c2a323c4 3.15MB / 15.60MB 1.7s
#5 sha256:3efaac22daafddb8761fb02630b2886b5dc9e8ec130fa8ba2292edceb43f6819 0B / 88.13kB 0.2s
#5 sha256:97ac89320e571e1cd005aed545d07abef1f277f224efb36848b815b1c2a323c4 5.24MB / 15.60MB 1.8s
#5 sha256:97ac89320e571e1cd005aed545d07abef1f277f224efb36848b815b1c2a323c4 9.12MB / 15.60MB 2.0s
#5 sha256:97ac89320e571e1cd005aed545d07abef1f277f224efb36848b815b1c2a323c4 12.96MB / 15.60MB 2.1s
#5 sha256:3efaac22daafddb8761fb02630b2886b5dc9e8ec130fa8ba2292edceb43f6819 88.13kB / 88.13kB 0.7s done
#5 sha256:97ac89320e571e1cd005aed545d07abef1f277f224efb36848b815b1c2a323c4 15.60MB / 15.60MB 2.3s done
#5 sha256:c74070942a309387dbd6fb6d58aa816779384ac0f2b28b6ab23a1388cf8592e6 5.24MB / 59.97MB 2.4s
#5 sha256:beed37d613f75601580309f97a23ce068c81f7217069b2691b42a100ca75a6cf 1.05MB / 3.35MB 2.3s
#5 sha256:3f31baef90be15245591e9a35965a43cc6d86d15ee77dfe97074dd0da3adf9c0 0B / 107.26MB 0.2s
#5 sha256:beed37d613f75601580309f97a23ce068c81f7217069b2691b42a100ca75a6cf 3.35MB / 3.35MB 2.5s done
#5 sha256:c74070942a309387dbd6fb6d58aa816779384ac0f2b28b6ab23a1388cf8592e6 9.44MB / 59.97MB 2.7s
#5 sha256:c74070942a309387dbd6fb6d58aa816779384ac0f2b28b6ab23a1388cf8592e6 13.80MB / 59.97MB 3.2s
#5 sha256:c74070942a309387dbd6fb6d58aa816779384ac0f2b28b6ab23a1388cf8592e6 19.92MB / 59.97MB 3.8s
#5 sha256:3f31baef90be15245591e9a35965a43cc6d86d15ee77dfe97074dd0da3adf9c0 7.34MB / 107.26MB 1.5s
#5 sha256:c74070942a309387dbd6fb6d58aa816779384ac0f2b28b6ab23a1388cf8592e6 26.21MB / 59.97MB 4.4s
#5 sha256:c74070942a309387dbd6fb6d58aa816779384ac0f2b28b6ab23a1388cf8592e6 30.41MB / 59.97MB 4.5s
#5 sha256:c74070942a309387dbd6fb6d58aa816779384ac0f2b28b6ab23a1388cf8592e6 33.55MB / 59.97MB 4.7s
#5 sha256:c74070942a309387dbd6fb6d58aa816779384ac0f2b28b6ab23a1388cf8592e6 36.70MB / 59.97MB 4.8s
#5 sha256:c74070942a309387dbd6fb6d58aa816779384ac0f2b28b6ab23a1388cf8592e6 39.85MB / 59.97MB 5.0s
#5 sha256:c74070942a309387dbd6fb6d58aa816779384ac0f2b28b6ab23a1388cf8592e6 44.04MB / 59.97MB 5.1s
#5 sha256:c74070942a309387dbd6fb6d58aa816779384ac0f2b28b6ab23a1388cf8592e6 48.23MB / 59.97MB 5.3s
#5 sha256:c74070942a309387dbd6fb6d58aa816779384ac0f2b28b6ab23a1388cf8592e6 52.43MB / 59.97MB 5.4s
#5 sha256:c74070942a309387dbd6fb6d58aa816779384ac0f2b28b6ab23a1388cf8592e6 56.23MB / 59.97MB 5.6s
#5 sha256:c74070942a309387dbd6fb6d58aa816779384ac0f2b28b6ab23a1388cf8592e6 59.97MB / 59.97MB 5.7s
#5 sha256:c74070942a309387dbd6fb6d58aa816779384ac0f2b28b6ab23a1388cf8592e6 59.97MB / 59.97MB 5.7s done
#5 sha256:3f31baef90be15245591e9a35965a43cc6d86d15ee77dfe97074dd0da3adf9c0 9.44MB / 107.26MB 6.6s
#5 sha256:3f31baef90be15245591e9a35965a43cc6d86d15ee77dfe97074dd0da3adf9c0 16.78MB / 107.26MB 7.5s
#5 sha256:3f31baef90be15245591e9a35965a43cc6d86d15ee77dfe97074dd0da3adf9c0 26.21MB / 107.26MB 8.0s
#5 sha256:3f31baef90be15245591e9a35965a43cc6d86d15ee77dfe97074dd0da3adf9c0 33.55MB / 107.26MB 8.3s
#5 sha256:3f31baef90be15245591e9a35965a43cc6d86d15ee77dfe97074dd0da3adf9c0 43.95MB / 107.26MB 8.7s
#5 sha256:3f31baef90be15245591e9a35965a43cc6d86d15ee77dfe97074dd0da3adf9c0 50.33MB / 107.26MB 9.0s
#5 sha256:3f31baef90be15245591e9a35965a43cc6d86d15ee77dfe97074dd0da3adf9c0 57.67MB / 107.26MB 9.3s
#5 sha256:3f31baef90be15245591e9a35965a43cc6d86d15ee77dfe97074dd0da3adf9c0 66.06MB / 107.26MB 9.6s
#5 sha256:3f31baef90be15245591e9a35965a43cc6d86d15ee77dfe97074dd0da3adf9c0 73.40MB / 107.26MB 9.9s
#5 sha256:3f31baef90be15245591e9a35965a43cc6d86d15ee77dfe97074dd0da3adf9c0 80.74MB / 107.26MB 10.4s
#5 sha256:3f31baef90be15245591e9a35965a43cc6d86d15ee77dfe97074dd0da3adf9c0 88.08MB / 107.26MB 11.0s
#5 sha256:3f31baef90be15245591e9a35965a43cc6d86d15ee77dfe97074dd0da3adf9c0 94.78MB / 107.26MB 11.4s
#5 sha256:3f31baef90be15245591e9a35965a43cc6d86d15ee77dfe97074dd0da3adf9c0 102.76MB / 107.26MB 12.0s
#5 sha256:3f31baef90be15245591e9a35965a43cc6d86d15ee77dfe97074dd0da3adf9c0 107.26MB / 107.26MB 12.2s done
#5 extracting sha256:3f31baef90be15245591e9a35965a43cc6d86d15ee77dfe97074dd0da3adf9c0
#5 extracting sha256:3f31baef90be15245591e9a35965a43cc6d86d15ee77dfe97074dd0da3adf9c0 4.3s done
#5 DONE 18.7s

#5 [1/3] FROM public.ecr.aws/lambda/python:3.9@sha256:fd4edfa0bd9afd5db77d67b35905a25b462f644c875c8317a94e712a7127fd56
#5 extracting sha256:3efaac22daafddb8761fb02630b2886b5dc9e8ec130fa8ba2292edceb43f6819 0.0s done
#5 extracting sha256:00532b645cc5fa07c4f074b579d27aa8d7d0afa84d8b2214193d6df140a9a479 done
#5 extracting sha256:beed37d613f75601580309f97a23ce068c81f7217069b2691b42a100ca75a6cf 0.1s done
#5 extracting sha256:c74070942a309387dbd6fb6d58aa816779384ac0f2b28b6ab23a1388cf8592e6
#5 extracting sha256:c74070942a309387dbd6fb6d58aa816779384ac0f2b28b6ab23a1388cf8592e6 1.8s done
#5 DONE 20.5s

#5 [1/3] FROM public.ecr.aws/lambda/python:3.9@sha256:fd4edfa0bd9afd5db77d67b35905a25b462f644c875c8317a94e712a7127fd56
#5 extracting sha256:97ac89320e571e1cd005aed545d07abef1f277f224efb36848b815b1c2a323c4
#5 extracting sha256:97ac89320e571e1cd005aed545d07abef1f277f224efb36848b815b1c2a323c4 0.4s done
#5 DONE 20.9s

#6 [2/3] RUN pip install --no-cache-dir     torch==2.0.1     torchvision==0.15.2     Pillow     boto3
#6 1.290 Collecting torch==2.0.1
#6 1.502   Downloading torch-2.0.1-cp39-cp39-manylinux2014_aarch64.whl (74.0 MB)
#6 6.123      ━━━━━━━━━━━━━━━━━━━━━━━━━━━━━━━━━━━━━━━━ 74.0/74.0 MB 20.5 MB/s eta 0:00:00
#6 6.586 Collecting torchvision==0.15.2
#6 6.595   Downloading torchvision-0.15.2-cp39-cp39-manylinux2014_aarch64.whl (1.2 MB)
#6 6.652      ━━━━━━━━━━━━━━━━━━━━━━━━━━━━━━━━━━━━━━━━ 1.2/1.2 MB 22.4 MB/s eta 0:00:00
#6 7.178 Collecting Pillow
#6 7.187   Downloading pillow-11.3.0-cp39-cp39-manylinux2014_aarch64.manylinux_2_17_aarch64.whl (5.9 MB)
#6 7.454      ━━━━━━━━━━━━━━━━━━━━━━━━━━━━━━━━━━━━━━━━ 5.9/5.9 MB 22.1 MB/s eta 0:00:00
#6 8.273 Collecting boto3
#6 8.282   Downloading boto3-1.42.18-py3-none-any.whl (140 kB)
#6 8.287      ━━━━━━━━━━━━━━━━━━━━━━━━━━━━━━━━━━━━━━ 140.6/140.6 kB 47.7 MB/s eta 0:00:00
#6 8.376 Collecting filelock
#6 8.385   Downloading filelock-3.19.1-py3-none-any.whl (15 kB)
#6 8.473 Collecting jinja2
#6 8.485   Downloading jinja2-3.1.6-py3-none-any.whl (134 kB)
#6 8.491      ━━━━━━━━━━━━━━━━━━━━━━━━━━━━━━━━━━━━━━ 134.9/134.9 kB 35.8 MB/s eta 0:00:00
#6 8.585 Collecting sympy
#6 8.595   Downloading sympy-1.14.0-py3-none-any.whl (6.3 MB)
#6 8.893      ━━━━━━━━━━━━━━━━━━━━━━━━━━━━━━━━━━━━━━━━ 6.3/6.3 MB 21.3 MB/s eta 0:00:00
#6 8.998 Collecting typing-extensions
#6 9.010   Downloading typing_extensions-4.15.0-py3-none-any.whl (44 kB)
#6 9.012      ━━━━━━━━━━━━━━━━━━━━━━━━━━━━━━━━━━━━━━━━ 44.6/44.6 kB 50.0 MB/s eta 0:00:00
#6 9.135 Collecting networkx
#6 9.152   Downloading networkx-3.2.1-py3-none-any.whl (1.6 MB)
#6 9.220      ━━━━━━━━━━━━━━━━━━━━━━━━━━━━━━━━━━━━━━━━ 1.6/1.6 MB 25.0 MB/s eta 0:00:00
#6 9.361 Collecting requests
#6 9.372   Downloading requests-2.32.5-py3-none-any.whl (64 kB)
#6 9.374      ━━━━━━━━━━━━━━━━━━━━━━━━━━━━━━━━━━━━━━━ 64.7/64.7 kB 245.3 MB/s eta 0:00:00
#6 10.04 Collecting numpy
#6 10.05   Downloading numpy-2.0.2-cp39-cp39-manylinux_2_17_aarch64.manylinux2014_aarch64.whl (13.9 MB)
#6 10.61      ━━━━━━━━━━━━━━━━━━━━━━━━━━━━━━━━━━━━━━━━ 13.9/13.9 MB 24.7 MB/s eta 0:00:00
#6 13.74 Collecting botocore<1.43.0,>=1.42.18
#6 13.76   Downloading botocore-1.42.18-py3-none-any.whl (14.5 MB)
#6 14.31      ━━━━━━━━━━━━━━━━━━━━━━━━━━━━━━━━━━━━━━━━ 14.5/14.5 MB 26.7 MB/s eta 0:00:00
#6 14.50 Collecting s3transfer<0.17.0,>=0.16.0
#6 14.51   Downloading s3transfer-0.16.0-py3-none-any.whl (86 kB)
#6 14.51      ━━━━━━━━━━━━━━━━━━━━━━━━━━━━━━━━━━━━━━━━ 86.8/86.8 kB 46.0 MB/s eta 0:00:00
#6 14.59 Collecting jmespath<2.0.0,>=0.7.1
#6 14.60   Downloading jmespath-1.0.1-py3-none-any.whl (20 kB)
#6 14.72 Collecting python-dateutil<3.0.0,>=2.1
#6 14.73   Downloading python_dateutil-2.9.0.post0-py2.py3-none-any.whl (229 kB)
#6 14.74      ━━━━━━━━━━━━━━━━━━━━━━━━━━━━━━━━━━━━━━ 229.9/229.9 kB 44.1 MB/s eta 0:00:00
#6 14.95 Collecting urllib3<1.27,>=1.25.4
#6 14.96   Downloading urllib3-1.26.20-py2.py3-none-any.whl (144 kB)
#6 15.01      ━━━━━━━━━━━━━━━━━━━━━━━━━━━━━━━━━━━━━━ 144.2/144.2 kB 41.8 MB/s eta 0:00:00
#6 15.70 Collecting MarkupSafe>=2.0
#6 15.71   Downloading markupsafe-3.0.3-cp39-cp39-manylinux2014_aarch64.manylinux_2_17_aarch64.manylinux_2_28_aarch64.whl (21 kB)
#6 16.73 Collecting charset_normalizer<4,>=2
#6 16.74   Downloading charset_normalizer-3.4.4-cp39-cp39-manylinux2014_aarch64.manylinux_2_17_aarch64.manylinux_2_28_aarch64.whl (149 kB)
#6 16.74      ━━━━━━━━━━━━━━━━━━━━━━━━━━━━━━━━━━━━━━ 149.0/149.0 kB 34.3 MB/s eta 0:00:00
#6 16.86 Collecting idna<4,>=2.5
#6 16.87   Downloading idna-3.11-py3-none-any.whl (71 kB)
#6 16.87      ━━━━━━━━━━━━━━━━━━━━━━━━━━━━━━━━━━━━━━━━ 71.0/71.0 kB 60.1 MB/s eta 0:00:00
#6 17.11 Collecting certifi>=2017.4.17
#6 17.12   Downloading certifi-2025.11.12-py3-none-any.whl (159 kB)
#6 17.13      ━━━━━━━━━━━━━━━━━━━━━━━━━━━━━━━━━━━━━━ 159.4/159.4 kB 35.9 MB/s eta 0:00:00
#6 17.29 Collecting mpmath<1.4,>=1.1.0
#6 17.30   Downloading mpmath-1.3.0-py3-none-any.whl (536 kB)
#6 17.32      ━━━━━━━━━━━━━━━━━━━━━━━━━━━━━━━━━━━━━━ 536.2/536.2 kB 30.3 MB/s eta 0:00:00
#6 17.45 Collecting six>=1.5
#6 17.47   Downloading six-1.17.0-py2.py3-none-any.whl (11 kB)
#6 17.66 Installing collected packages: mpmath, urllib3, typing-extensions, sympy, six, Pillow, numpy, networkx, MarkupSafe, jmespath, idna, filelock, charset_normalizer, certifi, requests, python-dateutil, jinja2, torch, botocore, torchvision, s3transfer, boto3
#6 34.55 WARNING: Running pip as the 'root' user can result in broken permissions and conflicting behaviour with the system package manager. It is recommended to use a virtual environment instead: https://pip.pypa.io/warnings/venv
#6 34.55 Successfully installed MarkupSafe-3.0.3 Pillow-11.3.0 boto3-1.42.18 botocore-1.42.18 certifi-2025.11.12 charset_normalizer-3.4.4 filelock-3.19.1 idna-3.11 jinja2-3.1.6 jmespath-1.0.1 mpmath-1.3.0 networkx-3.2.1 numpy-2.0.2 python-dateutil-2.9.0.post0 requests-2.32.5 s3transfer-0.16.0 six-1.17.0 sympy-1.14.0 torch-2.0.1 torchvision-0.15.2 typing-extensions-4.15.0 urllib3-1.26.20
#6 35.84 
#6 35.84 [notice] A new release of pip is available: 23.0.1 -> 25.3
#6 35.84 [notice] To update, run: pip install --upgrade pip
#6 DONE 36.5s

#7 [3/3] COPY handler.py /var/task
#7 DONE 0.1s

#8 exporting to image
#8 exporting layers
#8 exporting layers 11.2s done
#8 exporting manifest sha256:9ceaa629673ae8a82bde76db2581ba7e3c638eebe5131362714bd5676543a477
#8 exporting manifest sha256:9ceaa629673ae8a82bde76db2581ba7e3c638eebe5131362714bd5676543a477 done
#8 exporting config sha256:aea6ecf02a612a5c34620fd4c41432ef3097298c7bcc93740d688de7cbbcde95 0.0s done
#8 naming to docker.io/library/cdkasset-2905e4eccbef70c2b317b4243a39ecff2a43a101219e115c2e277710f636a566:latest done
#8 unpacking to docker.io/library/cdkasset-2905e4eccbef70c2b317b4243a39ecff2a43a101219e115c2e277710f636a566:latest
#8 unpacking to docker.io/library/cdkasset-2905e4eccbef70c2b317b4243a39ecff2a43a101219e115c2e277710f636a566:latest 7.2s done
#8 DONE 18.4s
CapaInferenceStack: success: Built 2905e4eccbef70c2b317b4243a39ecff2a43a101219e115c2e277710f636a566
CapaInferenceStack: start: Publishing 2905e4eccbef70c2b317b4243a39ecff2a43a101219e115c2e277710f636a566:current_account-current_region
The push refers to repository [507282033774.dkr.ecr.us-east-1.amazonaws.com/cdk-hnb659fds-container-assets-507282033774-us-east-1]
c74070942a30: Waiting
97ac89320e57: Waiting
cbda71c8c7b4: Waiting
3f31baef90be: Waiting
7f7b7f5cc609: Waiting
3efaac22daaf: Waiting
00532b645cc5: Waiting
beed37d613f7: Waiting
cbda71c8c7b4: Waiting
3f31baef90be: Waiting
7f7b7f5cc609: Waiting
3efaac22daaf: Waiting
00532b645cc5: Waiting
beed37d613f7: Waiting
c74070942a30: Waiting
97ac89320e57: Waiting
c74070942a30: Waiting
97ac89320e57: Waiting
cbda71c8c7b4: Waiting
3f31baef90be: Waiting
7f7b7f5cc609: Waiting
3efaac22daaf: Waiting
00532b645cc5: Waiting
beed37d613f7: Waiting
3efaac22daaf: Waiting
00532b645cc5: Waiting
beed37d613f7: Waiting
c74070942a30: Waiting
97ac89320e57: Waiting
cbda71c8c7b4: Waiting
3f31baef90be: Waiting
7f7b7f5cc609: Waiting
beed37d613f7: Waiting
c74070942a30: Waiting
97ac89320e57: Waiting
cbda71c8c7b4: Waiting
3f31baef90be: Waiting
7f7b7f5cc609: Waiting
3efaac22daaf: Waiting
00532b645cc5: Waiting
7f7b7f5cc609: Waiting
3efaac22daaf: Waiting
00532b645cc5: Waiting
beed37d613f7: Waiting
c74070942a30: Waiting
97ac89320e57: Waiting
cbda71c8c7b4: Waiting
3f31baef90be: Waiting
3f31baef90be: Waiting
7f7b7f5cc609: Waiting
3efaac22daaf: Waiting
00532b645cc5: Waiting
beed37d613f7: Waiting
c74070942a30: Waiting
97ac89320e57: Waiting
cbda71c8c7b4: Waiting
3f31baef90be: Waiting
7f7b7f5cc609: Waiting
3efaac22daaf: Waiting
00532b645cc5: Waiting
beed37d613f7: Waiting
c74070942a30: Waiting
97ac89320e57: Waiting
cbda71c8c7b4: Waiting
3efaac22daaf: Waiting
00532b645cc5: Waiting
beed37d613f7: Waiting
c74070942a30: Waiting
97ac89320e57: Waiting
cbda71c8c7b4: Waiting
3f31baef90be: Waiting
7f7b7f5cc609: Waiting
00532b645cc5: Waiting
beed37d613f7: Waiting
c74070942a30: Waiting
97ac89320e57: Waiting
cbda71c8c7b4: Waiting
3f31baef90be: Waiting
7f7b7f5cc609: Waiting
3efaac22daaf: Waiting
3f31baef90be: Waiting
7f7b7f5cc609: Waiting
3efaac22daaf: Waiting
00532b645cc5: Waiting
beed37d613f7: Waiting
c74070942a30: Waiting
97ac89320e57: Waiting
cbda71c8c7b4: Waiting
beed37d613f7: Waiting
c74070942a30: Waiting
97ac89320e57: Waiting
cbda71c8c7b4: Waiting
3f31baef90be: Waiting
7f7b7f5cc609: Waiting
3efaac22daaf: Waiting
00532b645cc5: Waiting
00532b645cc5: Waiting
beed37d613f7: Waiting
c74070942a30: Waiting
97ac89320e57: Waiting
cbda71c8c7b4: Waiting
3f31baef90be: Waiting
7f7b7f5cc609: Waiting
3efaac22daaf: Waiting
3f31baef90be: Waiting
7f7b7f5cc609: Waiting
3efaac22daaf: Waiting
00532b645cc5: Waiting
beed37d613f7: Waiting
c74070942a30: Waiting
97ac89320e57: Waiting
cbda71c8c7b4: Waiting
97ac89320e57: Waiting
cbda71c8c7b4: Waiting
3f31baef90be: Waiting
7f7b7f5cc609: Waiting
3efaac22daaf: Waiting
00532b645cc5: Waiting
beed37d613f7: Waiting
c74070942a30: Waiting
3efaac22daaf: Waiting
00532b645cc5: Waiting
beed37d613f7: Waiting
c74070942a30: Waiting
97ac89320e57: Waiting
cbda71c8c7b4: Waiting
3f31baef90be: Waiting
7f7b7f5cc609: Waiting
c74070942a30: Waiting
97ac89320e57: Waiting
cbda71c8c7b4: Waiting
3f31baef90be: Waiting
7f7b7f5cc609: Waiting
3efaac22daaf: Waiting
00532b645cc5: Waiting
beed37d613f7: Waiting
3f31baef90be: Waiting
7f7b7f5cc609: Waiting
3efaac22daaf: Waiting
00532b645cc5: Waiting
beed37d613f7: Waiting
c74070942a30: Waiting
97ac89320e57: Waiting
cbda71c8c7b4: Waiting
3f31baef90be: Waiting
7f7b7f5cc609: Waiting
3efaac22daaf: Waiting
00532b645cc5: Waiting
beed37d613f7: Waiting
c74070942a30: Waiting
97ac89320e57: Waiting
cbda71c8c7b4: Waiting
3efaac22daaf: Waiting
00532b645cc5: Waiting
beed37d613f7: Waiting
c74070942a30: Waiting
97ac89320e57: Waiting
cbda71c8c7b4: Waiting
3f31baef90be: Waiting
7f7b7f5cc609: Waiting
97ac89320e57: Waiting
cbda71c8c7b4: Waiting
3f31baef90be: Waiting
7f7b7f5cc609: Waiting
3efaac22daaf: Waiting
00532b645cc5: Waiting
beed37d613f7: Waiting
c74070942a30: Waiting
97ac89320e57: Waiting
cbda71c8c7b4: Waiting
3f31baef90be: Waiting
7f7b7f5cc609: Waiting
3efaac22daaf: Waiting
00532b645cc5: Waiting
beed37d613f7: Waiting
c74070942a30: Waiting
c74070942a30: Waiting
97ac89320e57: Waiting
cbda71c8c7b4: Waiting
3f31baef90be: Waiting
7f7b7f5cc609: Waiting
3efaac22daaf: Waiting
00532b645cc5: Waiting
beed37d613f7: Waiting
00532b645cc5: Waiting
beed37d613f7: Waiting
c74070942a30: Waiting
97ac89320e57: Waiting
cbda71c8c7b4: Waiting
3f31baef90be: Waiting
7f7b7f5cc609: Waiting
3efaac22daaf: Waiting
00532b645cc5: Waiting
beed37d613f7: Waiting
c74070942a30: Waiting
97ac89320e57: Waiting
cbda71c8c7b4: Waiting
3f31baef90be: Waiting
7f7b7f5cc609: Waiting
3efaac22daaf: Waiting
beed37d613f7: Waiting
c74070942a30: Layer already exists
97ac89320e57: Waiting
cbda71c8c7b4: Waiting
3f31baef90be: Waiting
7f7b7f5cc609: Waiting
3efaac22daaf: Waiting
00532b645cc5: Waiting
97ac89320e57: Layer already exists
cbda71c8c7b4: Waiting
3f31baef90be: Layer already exists
7f7b7f5cc609: Waiting
3efaac22daaf: Waiting
00532b645cc5: Layer already exists
beed37d613f7: Layer already exists
cbda71c8c7b4: Waiting
7f7b7f5cc609: Waiting
3efaac22daaf: Layer already exists
7f7b7f5cc609: Waiting
7f7b7f5cc609: Pushed
cbda71c8c7b4: Pushed
2905e4eccbef70c2b317b4243a39ecff2a43a101219e115c2e277710f636a566: digest: sha256:9ceaa629673ae8a82bde76db2581ba7e3c638eebe5131362714bd5676543a477 size: 1886
CapaInferenceStack: success: Published 2905e4eccbef70c2b317b4243a39ecff2a43a101219e115c2e277710f636a566:current_account-current_region
CapaInferenceStack
CapaInferenceStack: deploying... [2/2]
CapaInferenceStack: creating CloudFormation changeset...
CapaInferenceStack |  0/12 | 3:32:18 PM | REVIEW_IN_PROGRESS   | AWS::CloudFormation::Stack  | CapaInferenceStack User Initiated
CapaInferenceStack |  0/12 | 3:32:26 PM | CREATE_IN_PROGRESS   | AWS::CloudFormation::Stack  | CapaInferenceStack User Initiated
CapaInferenceStack |  0/12 | 3:32:29 PM | CREATE_IN_PROGRESS   | AWS::IAM::Role              | InferenceFunc/ServiceRole (InferenceFuncServiceRole4DA9D76D) 
CapaInferenceStack |  0/12 | 3:32:29 PM | CREATE_IN_PROGRESS   | AWS::CDK::Metadata          | CDKMetadata/Default (CDKMetadata) 
CapaInferenceStack |  0/12 | 3:32:29 PM | CREATE_IN_PROGRESS   | AWS::ApiGateway::RestApi    | InferenceApi (InferenceApiD9988602) 
CapaInferenceStack |  0/12 | 3:32:30 PM | CREATE_IN_PROGRESS   | AWS::IAM::Role              | InferenceFunc/ServiceRole (InferenceFuncServiceRole4DA9D76D) Resource creation Initiated
CapaInferenceStack |  0/12 | 3:32:30 PM | CREATE_IN_PROGRESS   | AWS::CDK::Metadata          | CDKMetadata/Default (CDKMetadata) Resource creation Initiated
CapaInferenceStack |  1/12 | 3:32:30 PM | CREATE_COMPLETE      | AWS::CDK::Metadata          | CDKMetadata/Default (CDKMetadata) 
CapaInferenceStack |  1/12 | 3:32:30 PM | CREATE_IN_PROGRESS   | AWS::ApiGateway::RestApi    | InferenceApi (InferenceApiD9988602) Resource creation Initiated
CapaInferenceStack |  2/12 | 3:32:31 PM | CREATE_COMPLETE      | AWS::ApiGateway::RestApi    | InferenceApi (InferenceApiD9988602) 
CapaInferenceStack |  2/12 | 3:32:32 PM | CREATE_IN_PROGRESS   | AWS::ApiGateway::Resource   | InferenceApi/Default/inference (InferenceApiinference64432D5B) 
CapaInferenceStack |  2/12 | 3:32:33 PM | CREATE_IN_PROGRESS   | AWS::ApiGateway::Resource   | InferenceApi/Default/inference (InferenceApiinference64432D5B) Resource creation Initiated
CapaInferenceStack |  3/12 | 3:32:34 PM | CREATE_COMPLETE      | AWS::ApiGateway::Resource   | InferenceApi/Default/inference (InferenceApiinference64432D5B) 
CapaInferenceStack |  4/12 | 3:32:47 PM | CREATE_COMPLETE      | AWS::IAM::Role              | InferenceFunc/ServiceRole (InferenceFuncServiceRole4DA9D76D) 
CapaInferenceStack |  4/12 | 3:32:47 PM | CREATE_IN_PROGRESS   | AWS::IAM::Policy            | InferenceFunc/ServiceRole/DefaultPolicy (InferenceFuncServiceRoleDefaultPolicy7696CC6F) 
CapaInferenceStack |  4/12 | 3:32:48 PM | CREATE_IN_PROGRESS   | AWS::IAM::Policy            | InferenceFunc/ServiceRole/DefaultPolicy (InferenceFuncServiceRoleDefaultPolicy7696CC6F) Resource creation Initiated
CapaInferenceStack |  5/12 | 3:33:03 PM | CREATE_COMPLETE      | AWS::IAM::Policy            | InferenceFunc/ServiceRole/DefaultPolicy (InferenceFuncServiceRoleDefaultPolicy7696CC6F) 
CapaInferenceStack |  5/12 | 3:33:04 PM | CREATE_IN_PROGRESS   | AWS::Lambda::Function       | InferenceFunc (InferenceFuncFDF6E9AD) 
CapaInferenceStack |  5/12 | 3:33:06 PM | CREATE_IN_PROGRESS   | AWS::Lambda::Function       | InferenceFunc (InferenceFuncFDF6E9AD) Resource creation Initiated
CapaInferenceStack |  5/12 | 3:33:07 PM | CREATE_IN_PROGRESS   | AWS::Lambda::Function       | InferenceFunc (InferenceFuncFDF6E9AD) Eventual consistency check initiated
CapaInferenceStack |  5/12 | 3:33:07 PM | CREATE_IN_PROGRESS   | AWS::Lambda::Permission     | InferenceApi/Default/inference/POST/ApiPermission.Test.CapaInferenceStackInferenceApi356EDC03.POST..inference (InferenceApiinferencePOSTApiPermissionTestCapaInferenceStackInferenceApi356EDC03POSTinferenceBF868357) 
CapaInferenceStack |  5/12 | 3:33:07 PM | CREATE_IN_PROGRESS   | AWS::ApiGateway::Method     | InferenceApi/Default/inference/POST (InferenceApiinferencePOST1306A13B) 
CapaInferenceStack |  5/12 | 3:33:08 PM | CREATE_IN_PROGRESS   | AWS::ApiGateway::Method     | InferenceApi/Default/inference/POST (InferenceApiinferencePOST1306A13B) Resource creation Initiated
CapaInferenceStack |  5/12 | 3:33:08 PM | CREATE_IN_PROGRESS   | AWS::Lambda::Permission     | InferenceApi/Default/inference/POST/ApiPermission.Test.CapaInferenceStackInferenceApi356EDC03.POST..inference (InferenceApiinferencePOSTApiPermissionTestCapaInferenceStackInferenceApi356EDC03POSTinferenceBF868357) Resource creation Initiated
CapaInferenceStack |  6/12 | 3:33:09 PM | CREATE_COMPLETE      | AWS::Lambda::Permission     | InferenceApi/Default/inference/POST/ApiPermission.Test.CapaInferenceStackInferenceApi356EDC03.POST..inference (InferenceApiinferencePOSTApiPermissionTestCapaInferenceStackInferenceApi356EDC03POSTinferenceBF868357) 
CapaInferenceStack |  7/12 | 3:33:10 PM | CREATE_COMPLETE      | AWS::ApiGateway::Method     | InferenceApi/Default/inference/POST (InferenceApiinferencePOST1306A13B) 
CapaInferenceStack |  8/12 | 3:33:23 PM | CREATE_COMPLETE      | AWS::Lambda::Function       | InferenceFunc (InferenceFuncFDF6E9AD) 
CapaInferenceStack |  8/12 | 3:33:24 PM | CREATE_IN_PROGRESS   | AWS::ApiGateway::Deployment | InferenceApi/Deployment (InferenceApiDeployment4D2813A2cca1bbd18fcb55d9eceee79b0ec9c46a) 
CapaInferenceStack |  8/12 | 3:33:25 PM | CREATE_IN_PROGRESS   | AWS::ApiGateway::Deployment | InferenceApi/Deployment (InferenceApiDeployment4D2813A2cca1bbd18fcb55d9eceee79b0ec9c46a) Resource creation Initiated
CapaInferenceStack |  9/12 | 3:33:25 PM | CREATE_COMPLETE      | AWS::ApiGateway::Deployment | InferenceApi/Deployment (InferenceApiDeployment4D2813A2cca1bbd18fcb55d9eceee79b0ec9c46a) 
CapaInferenceStack |  9/12 | 3:33:26 PM | CREATE_IN_PROGRESS   | AWS::ApiGateway::Stage      | InferenceApi/DeploymentStage.prod (InferenceApiDeploymentStageprodF55D9FA5) 
CapaInferenceStack |  9/12 | 3:33:27 PM | CREATE_IN_PROGRESS   | AWS::ApiGateway::Stage      | InferenceApi/DeploymentStage.prod (InferenceApiDeploymentStageprodF55D9FA5) Resource creation Initiated
CapaInferenceStack | 10/12 | 3:33:29 PM | CREATE_COMPLETE      | AWS::ApiGateway::Stage      | InferenceApi/DeploymentStage.prod (InferenceApiDeploymentStageprodF55D9FA5) 
CapaInferenceStack | 10/12 | 3:33:30 PM | CREATE_IN_PROGRESS   | AWS::Lambda::Permission     | InferenceApi/Default/inference/POST/ApiPermission.CapaInferenceStackInferenceApi356EDC03.POST..inference (InferenceApiinferencePOSTApiPermissionCapaInferenceStackInferenceApi356EDC03POSTinference168369E4) 
CapaInferenceStack | 10/12 | 3:33:30 PM | CREATE_IN_PROGRESS   | AWS::Lambda::Permission     | InferenceApi/Default/inference/POST/ApiPermission.CapaInferenceStackInferenceApi356EDC03.POST..inference (InferenceApiinferencePOSTApiPermissionCapaInferenceStackInferenceApi356EDC03POSTinference168369E4) Resource creation Initiated
CapaInferenceStack | 11/12 | 3:33:31 PM | CREATE_COMPLETE      | AWS::Lambda::Permission     | InferenceApi/Default/inference/POST/ApiPermission.CapaInferenceStackInferenceApi356EDC03.POST..inference (InferenceApiinferencePOSTApiPermissionCapaInferenceStackInferenceApi356EDC03POSTinference168369E4) 
CapaInferenceStack | 12/12 | 3:33:32 PM | CREATE_COMPLETE      | AWS::CloudFormation::Stack  | CapaInferenceStack 

 ✅  CapaInferenceStack

✨  Deployment time: 81.47s

Outputs:
CapaInferenceStack.ApiUrl = https://yo8y8garqg.execute-api.us-east-1.amazonaws.com/prod/inference
CapaInferenceStack.FunctionName = CapaInferenceStack-InferenceFuncFDF6E9AD-cyrZ5KnJmjpv
CapaInferenceStack.InferenceApiEndpoint3A383B89 = https://yo8y8garqg.execute-api.us-east-1.amazonaws.com/prod/
Stack ARN:
arn:aws:cloudformation:us-east-1:507282033774:stack/CapaInferenceStack/a012d8e0-e566-11f0-8de4-12d1d4376385

✨  Total time: 85.18s


NOTICES         (What's this? https://github.com/aws/aws-cdk/wiki/CLI-Notices)

34892	CDK CLI will collect telemetry data on command usage starting at version 2.1100.0 (unless opted out)

	Overview: We do not collect customer content and we anonymize the
	          telemetry we do collect. See the attached issue for more
	          information on what data is collected, why, and how to
	          opt-out. Telemetry will NOT be collected for any CDK CLI
	          version prior to version 2.1100.0 - regardless of
	          opt-in/out. You can also preview the telemetry we will start
	          collecting by logging it to a local file, by adding
	          `--unstable=telemetry --telemetry-file=my/local/file` to any
	          `cdk` command.

	Affected versions: cli: >=2.0.0 <2.1100.0

	More information at: https://github.com/aws/aws-cdk/issues/34892


If you don’t want to see a notice anymore, use "cdk acknowledge <id>". For example, "cdk acknowledge 34892".
