#0 building with "desktop-linux" instance using docker driver

#1 [internal] load build definition from Dockerfile
#1 transferring dockerfile: 310B 0.0s done
#1 DONE 0.1s

#2 [internal] load metadata for public.ecr.aws/lambda/python:3.9
#2 DONE 4.9s

#3 [internal] load .dockerignore
#3 transferring context: 2B 0.0s done
#3 DONE 0.0s

#4 [internal] load build context
#4 transferring context: 3.46kB done
#4 DONE 0.0s

#5 [1/3] FROM public.ecr.aws/lambda/python:3.9@sha256:fd4edfa0bd9afd5db77d67b35905a25b462f644c875c8317a94e712a7127fd56
#5 resolve public.ecr.aws/lambda/python:3.9@sha256:fd4edfa0bd9afd5db77d67b35905a25b462f644c875c8317a94e712a7127fd56 0.0s done
#5 sha256:97ac89320e571e1cd005aed545d07abef1f277f224efb36848b815b1c2a323c4 0B / 15.60MB 0.2s
#5 sha256:c74070942a309387dbd6fb6d58aa816779384ac0f2b28b6ab23a1388cf8592e6 0B / 59.97MB 0.2s
#5 sha256:00532b645cc5fa07c4f074b579d27aa8d7d0afa84d8b2214193d6df140a9a479 0B / 418B 0.2s
#5 sha256:beed37d613f75601580309f97a23ce068c81f7217069b2691b42a100ca75a6cf 0B / 3.35MB 0.2s
#5 sha256:97ac89320e571e1cd005aed545d07abef1f277f224efb36848b815b1c2a323c4 1.05MB / 15.60MB 1.5s
#5 sha256:00532b645cc5fa07c4f074b579d27aa8d7d0afa84d8b2214193d6df140a9a479 418B / 418B 1.4s done
#5 sha256:3efaac22daafddb8761fb02630b2886b5dc9e8ec130fa8ba2292edceb43f6819 0B / 88.13kB 0.2s
#5 sha256:97ac89320e571e1cd005aed545d07abef1f277f224efb36848b815b1c2a323c4 3.15MB / 15.60MB 1.8s
#5 sha256:97ac89320e571e1cd005aed545d07abef1f277f224efb36848b815b1c2a323c4 5.24MB / 15.60MB 2.0s
#5 sha256:97ac89320e571e1cd005aed545d07abef1f277f224efb36848b815b1c2a323c4 8.70MB / 15.60MB 2.1s
#5 sha256:97ac89320e571e1cd005aed545d07abef1f277f224efb36848b815b1c2a323c4 12.58MB / 15.60MB 2.3s
#5 sha256:3efaac22daafddb8761fb02630b2886b5dc9e8ec130fa8ba2292edceb43f6819 88.13kB / 88.13kB 0.7s done
#5 sha256:beed37d613f75601580309f97a23ce068c81f7217069b2691b42a100ca75a6cf 335.87kB / 3.35MB 2.3s
#5 sha256:3f31baef90be15245591e9a35965a43cc6d86d15ee77dfe97074dd0da3adf9c0 0B / 107.26MB 0.2s
#5 sha256:97ac89320e571e1cd005aed545d07abef1f277f224efb36848b815b1c2a323c4 14.68MB / 15.60MB 2.6s
#5 sha256:beed37d613f75601580309f97a23ce068c81f7217069b2691b42a100ca75a6cf 1.05MB / 3.35MB 2.4s
#5 sha256:97ac89320e571e1cd005aed545d07abef1f277f224efb36848b815b1c2a323c4 15.60MB / 15.60MB 2.6s done
#5 sha256:c74070942a309387dbd6fb6d58aa816779384ac0f2b28b6ab23a1388cf8592e6 4.19MB / 59.97MB 2.6s
#5 sha256:beed37d613f75601580309f97a23ce068c81f7217069b2691b42a100ca75a6cf 3.35MB / 3.35MB 2.6s done
#5 sha256:c74070942a309387dbd6fb6d58aa816779384ac0f2b28b6ab23a1388cf8592e6 11.53MB / 59.97MB 2.9s
#5 sha256:c74070942a309387dbd6fb6d58aa816779384ac0f2b28b6ab23a1388cf8592e6 15.73MB / 59.97MB 3.3s
#5 sha256:c74070942a309387dbd6fb6d58aa816779384ac0f2b28b6ab23a1388cf8592e6 18.87MB / 59.97MB 3.5s
#5 sha256:c74070942a309387dbd6fb6d58aa816779384ac0f2b28b6ab23a1388cf8592e6 23.07MB / 59.97MB 3.8s
#5 sha256:c74070942a309387dbd6fb6d58aa816779384ac0f2b28b6ab23a1388cf8592e6 26.21MB / 59.97MB 4.1s
#5 sha256:c74070942a309387dbd6fb6d58aa816779384ac0f2b28b6ab23a1388cf8592e6 30.41MB / 59.97MB 4.4s
#5 sha256:3f31baef90be15245591e9a35965a43cc6d86d15ee77dfe97074dd0da3adf9c0 7.58MB / 107.26MB 2.3s
#5 sha256:c74070942a309387dbd6fb6d58aa816779384ac0f2b28b6ab23a1388cf8592e6 35.16MB / 59.97MB 5.1s
#5 sha256:3f31baef90be15245591e9a35965a43cc6d86d15ee77dfe97074dd0da3adf9c0 13.63MB / 107.26MB 3.0s
#5 sha256:c74070942a309387dbd6fb6d58aa816779384ac0f2b28b6ab23a1388cf8592e6 39.46MB / 59.97MB 5.4s
#5 sha256:c74070942a309387dbd6fb6d58aa816779384ac0f2b28b6ab23a1388cf8592e6 42.99MB / 59.97MB 5.7s
#5 sha256:c74070942a309387dbd6fb6d58aa816779384ac0f2b28b6ab23a1388cf8592e6 48.23MB / 59.97MB 6.0s
#5 sha256:3f31baef90be15245591e9a35965a43cc6d86d15ee77dfe97074dd0da3adf9c0 19.92MB / 107.26MB 3.8s
#5 sha256:c74070942a309387dbd6fb6d58aa816779384ac0f2b28b6ab23a1388cf8592e6 52.88MB / 59.97MB 6.3s
#5 sha256:3f31baef90be15245591e9a35965a43cc6d86d15ee77dfe97074dd0da3adf9c0 26.07MB / 107.26MB 4.2s
#5 sha256:c74070942a309387dbd6fb6d58aa816779384ac0f2b28b6ab23a1388cf8592e6 56.64MB / 59.97MB 6.8s
#5 sha256:c74070942a309387dbd6fb6d58aa816779384ac0f2b28b6ab23a1388cf8592e6 59.97MB / 59.97MB 7.0s done
#5 sha256:3f31baef90be15245591e9a35965a43cc6d86d15ee77dfe97074dd0da3adf9c0 33.55MB / 107.26MB 5.0s
#5 sha256:3f31baef90be15245591e9a35965a43cc6d86d15ee77dfe97074dd0da3adf9c0 40.89MB / 107.26MB 5.4s
#5 sha256:3f31baef90be15245591e9a35965a43cc6d86d15ee77dfe97074dd0da3adf9c0 48.44MB / 107.26MB 5.9s
#5 sha256:3f31baef90be15245591e9a35965a43cc6d86d15ee77dfe97074dd0da3adf9c0 54.33MB / 107.26MB 6.2s
#5 sha256:3f31baef90be15245591e9a35965a43cc6d86d15ee77dfe97074dd0da3adf9c0 60.82MB / 107.26MB 6.5s
#5 sha256:3f31baef90be15245591e9a35965a43cc6d86d15ee77dfe97074dd0da3adf9c0 66.61MB / 107.26MB 6.8s
#5 sha256:3f31baef90be15245591e9a35965a43cc6d86d15ee77dfe97074dd0da3adf9c0 73.40MB / 107.26MB 7.1s
#5 sha256:3f31baef90be15245591e9a35965a43cc6d86d15ee77dfe97074dd0da3adf9c0 80.22MB / 107.26MB 7.4s
#5 sha256:3f31baef90be15245591e9a35965a43cc6d86d15ee77dfe97074dd0da3adf9c0 87.03MB / 107.26MB 7.7s
#5 sha256:3f31baef90be15245591e9a35965a43cc6d86d15ee77dfe97074dd0da3adf9c0 93.40MB / 107.26MB 8.0s
#5 sha256:3f31baef90be15245591e9a35965a43cc6d86d15ee77dfe97074dd0da3adf9c0 100.66MB / 107.26MB 8.3s
#5 sha256:3f31baef90be15245591e9a35965a43cc6d86d15ee77dfe97074dd0da3adf9c0 107.26MB / 107.26MB 8.6s
#5 sha256:3f31baef90be15245591e9a35965a43cc6d86d15ee77dfe97074dd0da3adf9c0 107.26MB / 107.26MB 8.6s done
#5 extracting sha256:3f31baef90be15245591e9a35965a43cc6d86d15ee77dfe97074dd0da3adf9c0
#5 extracting sha256:3f31baef90be15245591e9a35965a43cc6d86d15ee77dfe97074dd0da3adf9c0 5.8s done
#5 DONE 16.5s

#5 [1/3] FROM public.ecr.aws/lambda/python:3.9@sha256:fd4edfa0bd9afd5db77d67b35905a25b462f644c875c8317a94e712a7127fd56
#5 extracting sha256:3efaac22daafddb8761fb02630b2886b5dc9e8ec130fa8ba2292edceb43f6819 0.0s done
#5 extracting sha256:00532b645cc5fa07c4f074b579d27aa8d7d0afa84d8b2214193d6df140a9a479 done
#5 extracting sha256:beed37d613f75601580309f97a23ce068c81f7217069b2691b42a100ca75a6cf 0.1s done
#5 DONE 16.7s

#5 [1/3] FROM public.ecr.aws/lambda/python:3.9@sha256:fd4edfa0bd9afd5db77d67b35905a25b462f644c875c8317a94e712a7127fd56
#5 extracting sha256:c74070942a309387dbd6fb6d58aa816779384ac0f2b28b6ab23a1388cf8592e6
#5 extracting sha256:c74070942a309387dbd6fb6d58aa816779384ac0f2b28b6ab23a1388cf8592e6 2.9s done
#5 DONE 19.6s

#5 [1/3] FROM public.ecr.aws/lambda/python:3.9@sha256:fd4edfa0bd9afd5db77d67b35905a25b462f644c875c8317a94e712a7127fd56
#5 extracting sha256:97ac89320e571e1cd005aed545d07abef1f277f224efb36848b815b1c2a323c4
#5 extracting sha256:97ac89320e571e1cd005aed545d07abef1f277f224efb36848b815b1c2a323c4 0.5s done
#5 DONE 20.1s

#6 [2/3] RUN pip install --no-cache-dir     torch==2.0.1     torchvision==0.15.2     Pillow     boto3
#6 1.599 Collecting torch==2.0.1
#6 1.799   Downloading torch-2.0.1-cp39-cp39-manylinux2014_aarch64.whl (74.0 MB)
#6 5.553      ━━━━━━━━━━━━━━━━━━━━━━━━━━━━━━━━━━━━━━━━ 74.0/74.0 MB 22.9 MB/s eta 0:00:00
#6 5.851 Collecting torchvision==0.15.2
#6 5.861   Downloading torchvision-0.15.2-cp39-cp39-manylinux2014_aarch64.whl (1.2 MB)
#6 5.928      ━━━━━━━━━━━━━━━━━━━━━━━━━━━━━━━━━━━━━━━━ 1.2/1.2 MB 19.2 MB/s eta 0:00:00
#6 6.347 Collecting Pillow
#6 6.359   Downloading pillow-11.3.0-cp39-cp39-manylinux2014_aarch64.manylinux_2_17_aarch64.whl (5.9 MB)
#6 6.633      ━━━━━━━━━━━━━━━━━━━━━━━━━━━━━━━━━━━━━━━━ 5.9/5.9 MB 21.4 MB/s eta 0:00:00
#6 7.182 Collecting boto3
#6 7.192   Downloading boto3-1.42.18-py3-none-any.whl (140 kB)
#6 7.200      ━━━━━━━━━━━━━━━━━━━━━━━━━━━━━━━━━━━━━━ 140.6/140.6 kB 23.2 MB/s eta 0:00:00
#6 7.233 Collecting sympy
#6 7.247   Downloading sympy-1.14.0-py3-none-any.whl (6.3 MB)
#6 7.528      ━━━━━━━━━━━━━━━━━━━━━━━━━━━━━━━━━━━━━━━━ 6.3/6.3 MB 22.5 MB/s eta 0:00:00
#6 7.576 Collecting jinja2
#6 7.587   Downloading jinja2-3.1.6-py3-none-any.whl (134 kB)
#6 7.593      ━━━━━━━━━━━━━━━━━━━━━━━━━━━━━━━━━━━━━━ 134.9/134.9 kB 27.2 MB/s eta 0:00:00
#6 7.629 Collecting filelock
#6 7.641   Downloading filelock-3.19.1-py3-none-any.whl (15 kB)
#6 7.672 Collecting typing-extensions
#6 7.681   Downloading typing_extensions-4.15.0-py3-none-any.whl (44 kB)
#6 7.684      ━━━━━━━━━━━━━━━━━━━━━━━━━━━━━━━━━━━━━━━━ 44.6/44.6 kB 43.5 MB/s eta 0:00:00
#6 7.732 Collecting networkx
#6 7.741   Downloading networkx-3.2.1-py3-none-any.whl (1.6 MB)
#6 7.812      ━━━━━━━━━━━━━━━━━━━━━━━━━━━━━━━━━━━━━━━━ 1.6/1.6 MB 24.0 MB/s eta 0:00:00
#6 8.268 Collecting numpy
#6 8.278   Downloading numpy-2.0.2-cp39-cp39-manylinux_2_17_aarch64.manylinux2014_aarch64.whl (13.9 MB)
#6 8.865      ━━━━━━━━━━━━━━━━━━━━━━━━━━━━━━━━━━━━━━━━ 13.9/13.9 MB 23.6 MB/s eta 0:00:00
#6 8.942 Collecting requests
#6 8.956   Downloading requests-2.32.5-py3-none-any.whl (64 kB)
#6 8.959      ━━━━━━━━━━━━━━━━━━━━━━━━━━━━━━━━━━━━━━━━ 64.7/64.7 kB 54.7 MB/s eta 0:00:00
#6 9.030 Collecting jmespath<2.0.0,>=0.7.1
#6 9.039   Downloading jmespath-1.0.1-py3-none-any.whl (20 kB)
#6 9.746 Collecting botocore<1.43.0,>=1.42.18
#6 9.758   Downloading botocore-1.42.18-py3-none-any.whl (14.5 MB)
#6 10.29      ━━━━━━━━━━━━━━━━━━━━━━━━━━━━━━━━━━━━━━━━ 14.5/14.5 MB 26.9 MB/s eta 0:00:00
#6 10.35 Collecting s3transfer<0.17.0,>=0.16.0
#6 10.36   Downloading s3transfer-0.16.0-py3-none-any.whl (86 kB)
#6 10.36      ━━━━━━━━━━━━━━━━━━━━━━━━━━━━━━━━━━━━━━━━ 86.8/86.8 kB 64.1 MB/s eta 0:00:00
#6 10.40 Collecting python-dateutil<3.0.0,>=2.1
#6 10.41   Downloading python_dateutil-2.9.0.post0-py2.py3-none-any.whl (229 kB)
#6 10.42      ━━━━━━━━━━━━━━━━━━━━━━━━━━━━━━━━━━━━━━ 229.9/229.9 kB 27.4 MB/s eta 0:00:00
#6 10.51 Collecting urllib3<1.27,>=1.25.4
#6 10.53   Downloading urllib3-1.26.20-py2.py3-none-any.whl (144 kB)
#6 10.53      ━━━━━━━━━━━━━━━━━━━━━━━━━━━━━━━━━━━━━━ 144.2/144.2 kB 55.9 MB/s eta 0:00:00
#6 10.77 Collecting MarkupSafe>=2.0
#6 10.78   Downloading markupsafe-3.0.3-cp39-cp39-manylinux2014_aarch64.manylinux_2_17_aarch64.manylinux_2_28_aarch64.whl (21 kB)
#6 10.83 Collecting idna<4,>=2.5
#6 10.84   Downloading idna-3.11-py3-none-any.whl (71 kB)
#6 10.84      ━━━━━━━━━━━━━━━━━━━━━━━━━━━━━━━━━━━━━━━━ 71.0/71.0 kB 67.0 MB/s eta 0:00:00
#6 11.00 Collecting charset_normalizer<4,>=2
#6 11.01   Downloading charset_normalizer-3.4.4-cp39-cp39-manylinux2014_aarch64.manylinux_2_17_aarch64.manylinux_2_28_aarch64.whl (149 kB)
#6 11.01      ━━━━━━━━━━━━━━━━━━━━━━━━━━━━━━━━━━━━━━ 149.0/149.0 kB 23.6 MB/s eta 0:00:00
#6 11.05 Collecting certifi>=2017.4.17
#6 11.07   Downloading certifi-2025.11.12-py3-none-any.whl (159 kB)
#6 11.08      ━━━━━━━━━━━━━━━━━━━━━━━━━━━━━━━━━━━━━━ 159.4/159.4 kB 32.9 MB/s eta 0:00:00
#6 11.10 Collecting mpmath<1.4,>=1.1.0
#6 11.11   Downloading mpmath-1.3.0-py3-none-any.whl (536 kB)
#6 11.14      ━━━━━━━━━━━━━━━━━━━━━━━━━━━━━━━━━━━━━━ 536.2/536.2 kB 23.4 MB/s eta 0:00:00
#6 11.18 Collecting six>=1.5
#6 11.20   Downloading six-1.17.0-py2.py3-none-any.whl (11 kB)
#6 11.43 Installing collected packages: mpmath, urllib3, typing-extensions, sympy, six, Pillow, numpy, networkx, MarkupSafe, jmespath, idna, filelock, charset_normalizer, certifi, requests, python-dateutil, jinja2, torch, botocore, torchvision, s3transfer, boto3
#6 29.98 Successfully installed MarkupSafe-3.0.3 Pillow-11.3.0 boto3-1.42.18 botocore-1.42.18 certifi-2025.11.12 charset_normalizer-3.4.4 filelock-3.19.1 idna-3.11 jinja2-3.1.6 jmespath-1.0.1 mpmath-1.3.0 networkx-3.2.1 numpy-2.0.2 python-dateutil-2.9.0.post0 requests-2.32.5 s3transfer-0.16.0 six-1.17.0 sympy-1.14.0 torch-2.0.1 torchvision-0.15.2 typing-extensions-4.15.0 urllib3-1.26.20
#6 29.98 WARNING: Running pip as the 'root' user can result in broken permissions and conflicting behaviour with the system package manager. It is recommended to use a virtual environment instead: https://pip.pypa.io/warnings/venv
#6 30.08 
#6 30.08 [notice] A new release of pip is available: 23.0.1 -> 25.3
#6 30.08 [notice] To update, run: pip install --upgrade pip
#6 DONE 30.9s

#7 [3/3] COPY handler.py /var/task
#7 DONE 0.2s

#8 exporting to image
#8 exporting layers
#8 exporting layers 11.5s done
#8 exporting manifest sha256:0ebb41e38e4c52035d148f5f037e3947cf7f6376f74ab31164e674ff53ebaecc 0.0s done
#8 exporting config sha256:9adaa0fb2952e3a6d2e755dbc6db2978f19009c884dcea7db5a523e06d9ed1fc 0.0s done
#8 exporting attestation manifest sha256:1fb7555519b2ddce05a67ee72f123137b50d3c48ba7cad6cd30f642f4a07cb39 done
#8 exporting manifest list sha256:706feca9d9ced6576f8b53cfbf12f3f08f966ebc1d7900fcd5620d75d305cce9 done
#8 naming to docker.io/library/test-inference:latest done
#8 unpacking to docker.io/library/test-inference:latest
#8 unpacking to docker.io/library/test-inference:latest 7.9s done
#8 DONE 19.7s
